{"C:\\Users\\HG123\\.gemini\\antigravity\\scratch\\sistema-electoral\\backend\\src\\config\\auth.js": {"path":"C:\\Users\\HG123\\.gemini\\antigravity\\scratch\\sistema-electoral\\backend\\src\\config\\auth.js","statementMap":{"0":{"start":{"line":3,"column":26},"end":{"line":8,"column":1}}},"fnMap":{},"branchMap":{"0":{"loc":{"start":{"line":4,"column":10},"end":{"line":4,"column":44}},"type":"binary-expr","locations":[{"start":{"line":4,"column":10},"end":{"line":4,"column":32}},{"start":{"line":4,"column":36},"end":{"line":4,"column":44}}],"line":4},"1":{"loc":{"start":{"line":5,"column":17},"end":{"line":5,"column":67}},"type":"binary-expr","locations":[{"start":{"line":5,"column":17},"end":{"line":5,"column":47}},{"start":{"line":5,"column":51},"end":{"line":5,"column":67}}],"line":5},"2":{"loc":{"start":{"line":6,"column":13},"end":{"line":6,"column":48}},"type":"binary-expr","locations":[{"start":{"line":6,"column":13},"end":{"line":6,"column":39}},{"start":{"line":6,"column":43},"end":{"line":6,"column":48}}],"line":6},"3":{"loc":{"start":{"line":7,"column":20},"end":{"line":7,"column":62}},"type":"binary-expr","locations":[{"start":{"line":7,"column":20},"end":{"line":7,"column":54}},{"start":{"line":7,"column":58},"end":{"line":7,"column":62}}],"line":7}},"s":{"0":1},"f":{},"b":{"0":[1,1],"1":[1,1],"2":[1,1],"3":[1,1]},"inputSourceMap":null,"_coverageSchema":"1a1c01bbd47fc00a2c39e90264f33305004495a9","hash":"522a10c0f45b7aa6366110e88ef913eef571b546"}
,"C:\\Users\\HG123\\.gemini\\antigravity\\scratch\\sistema-electoral\\backend\\src\\config\\database.js": {"path":"C:\\Users\\HG123\\.gemini\\antigravity\\scratch\\sistema-electoral\\backend\\src\\config\\database.js","statementMap":{"0":{"start":{"line":3,"column":0},"end":{"line":3,"column":16}},"1":{"start":{"line":5,"column":20},"end":{"line":5,"column":57}},"2":{"start":{"line":7,"column":25},"end":{"line":18,"column":5}},"3":{"start":{"line":20,"column":11},"end":{"line":24,"column":2}}},"fnMap":{},"branchMap":{"0":{"loc":{"start":{"line":5,"column":20},"end":{"line":5,"column":57}},"type":"binary-expr","locations":[{"start":{"line":5,"column":20},"end":{"line":5,"column":40}},{"start":{"line":5,"column":44},"end":{"line":5,"column":57}}],"line":5},"1":{"loc":{"start":{"line":7,"column":25},"end":{"line":18,"column":5}},"type":"cond-expr","locations":[{"start":{"line":8,"column":4},"end":{"line":11,"column":5}},{"start":{"line":12,"column":4},"end":{"line":18,"column":5}}],"line":7},"2":{"loc":{"start":{"line":12,"column":4},"end":{"line":18,"column":5}},"type":"binary-expr","locations":[{"start":{"line":12,"column":4},"end":{"line":12,"column":28}},{"start":{"line":12,"column":32},"end":{"line":18,"column":5}}],"line":12},"3":{"loc":{"start":{"line":13,"column":12},"end":{"line":13,"column":46}},"type":"binary-expr","locations":[{"start":{"line":13,"column":12},"end":{"line":13,"column":31}},{"start":{"line":13,"column":35},"end":{"line":13,"column":46}}],"line":13},"4":{"loc":{"start":{"line":14,"column":12},"end":{"line":14,"column":39}},"type":"binary-expr","locations":[{"start":{"line":14,"column":12},"end":{"line":14,"column":31}},{"start":{"line":14,"column":35},"end":{"line":14,"column":39}}],"line":14},"5":{"loc":{"start":{"line":15,"column":16},"end":{"line":15,"column":58}},"type":"binary-expr","locations":[{"start":{"line":15,"column":16},"end":{"line":15,"column":35}},{"start":{"line":15,"column":39},"end":{"line":15,"column":58}}],"line":15},"6":{"loc":{"start":{"line":16,"column":12},"end":{"line":16,"column":45}},"type":"binary-expr","locations":[{"start":{"line":16,"column":12},"end":{"line":16,"column":31}},{"start":{"line":16,"column":35},"end":{"line":16,"column":45}}],"line":16},"7":{"loc":{"start":{"line":17,"column":16},"end":{"line":17,"column":53}},"type":"binary-expr","locations":[{"start":{"line":17,"column":16},"end":{"line":17,"column":39}},{"start":{"line":17,"column":43},"end":{"line":17,"column":53}}],"line":17}},"s":{"0":1,"1":1,"2":1,"3":1},"f":{},"b":{"0":[1,0],"1":[0,1],"2":[1,1],"3":[1,1],"4":[1,1],"5":[1,1],"6":[1,1],"7":[1,1]},"inputSourceMap":null,"_coverageSchema":"1a1c01bbd47fc00a2c39e90264f33305004495a9","hash":"9d592b5d2faa5c48450fb632f63ffba6b41c4d84"}
,"C:\\Users\\HG123\\.gemini\\antigravity\\scratch\\sistema-electoral\\backend\\src\\config\\storage.js": {"path":"C:\\Users\\HG123\\.gemini\\antigravity\\scratch\\sistema-electoral\\backend\\src\\config\\storage.js","statementMap":{"0":{"start":{"line":3,"column":0},"end":{"line":3,"column":16}},"1":{"start":{"line":5,"column":20},"end":{"line":5,"column":44}},"2":{"start":{"line":6,"column":27},"end":{"line":6,"column":59}},"3":{"start":{"line":7,"column":19},"end":{"line":7,"column":77}},"4":{"start":{"line":9,"column":15},"end":{"line":9,"column":19}},"5":{"start":{"line":11,"column":0},"end":{"line":13,"column":1}},"6":{"start":{"line":12,"column":2},"end":{"line":12,"column":59}}},"fnMap":{},"branchMap":{"0":{"loc":{"start":{"line":7,"column":19},"end":{"line":7,"column":77}},"type":"binary-expr","locations":[{"start":{"line":7,"column":19},"end":{"line":7,"column":54}},{"start":{"line":7,"column":58},"end":{"line":7,"column":77}}],"line":7},"1":{"loc":{"start":{"line":11,"column":0},"end":{"line":13,"column":1}},"type":"if","locations":[{"start":{"line":11,"column":0},"end":{"line":13,"column":1}},{"start":{},"end":{}}],"line":11},"2":{"loc":{"start":{"line":11,"column":4},"end":{"line":11,"column":37}},"type":"binary-expr","locations":[{"start":{"line":11,"column":4},"end":{"line":11,"column":15}},{"start":{"line":11,"column":19},"end":{"line":11,"column":37}}],"line":11}},"s":{"0":0,"1":0,"2":0,"3":0,"4":0,"5":0,"6":0},"f":{},"b":{"0":[0,0],"1":[0,0],"2":[0,0]},"inputSourceMap":null}
,"C:\\Users\\HG123\\.gemini\\antigravity\\scratch\\sistema-electoral\\backend\\src\\controllers\\asignaciones.controller.js": {"path":"C:\\Users\\HG123\\.gemini\\antigravity\\scratch\\sistema-electoral\\backend\\src\\controllers\\asignaciones.controller.js","statementMap":{"0":{"start":{"line":4,"column":32},"end":{"line":35,"column":1}},"1":{"start":{"line":5,"column":2},"end":{"line":34,"column":3}},"2":{"start":{"line":6,"column":36},"end":{"line":6,"column":44}},"3":{"start":{"line":7,"column":4},"end":{"line":31,"column":7}},"4":{"start":{"line":8,"column":19},"end":{"line":8,"column":106}},"5":{"start":{"line":9,"column":6},"end":{"line":9,"column":112}},"6":{"start":{"line":9,"column":17},"end":{"line":9,"column":112}},"7":{"start":{"line":11,"column":19},"end":{"line":11,"column":68}},"8":{"start":{"line":12,"column":6},"end":{"line":12,"column":91}},"9":{"start":{"line":12,"column":17},"end":{"line":12,"column":91}},"10":{"start":{"line":14,"column":23},"end":{"line":14,"column":98}},"11":{"start":{"line":15,"column":6},"end":{"line":15,"column":113}},"12":{"start":{"line":15,"column":20},"end":{"line":15,"column":113}},"13":{"start":{"line":17,"column":22},"end":{"line":17,"column":118}},"14":{"start":{"line":18,"column":17},"end":{"line":18,"column":34}},"15":{"start":{"line":20,"column":6},"end":{"line":25,"column":9}},"16":{"start":{"line":27,"column":25},"end":{"line":27,"column":81}},"17":{"start":{"line":28,"column":6},"end":{"line":28,"column":112}},"18":{"start":{"line":30,"column":6},"end":{"line":30,"column":95}},"19":{"start":{"line":33,"column":4},"end":{"line":33,"column":105}},"20":{"start":{"line":37,"column":34},"end":{"line":74,"column":1}},"21":{"start":{"line":38,"column":2},"end":{"line":73,"column":3}},"22":{"start":{"line":39,"column":19},"end":{"line":39,"column":29}},"23":{"start":{"line":40,"column":48},"end":{"line":40,"column":56}},"24":{"start":{"line":42,"column":4},"end":{"line":70,"column":7}},"25":{"start":{"line":43,"column":22},"end":{"line":43,"column":92}},"26":{"start":{"line":44,"column":6},"end":{"line":44,"column":112}},"27":{"start":{"line":44,"column":20},"end":{"line":44,"column":112}},"28":{"start":{"line":46,"column":22},"end":{"line":46,"column":115}},"29":{"start":{"line":47,"column":6},"end":{"line":47,"column":103}},"30":{"start":{"line":47,"column":20},"end":{"line":47,"column":103}},"31":{"start":{"line":49,"column":6},"end":{"line":49,"column":81}},"32":{"start":{"line":51,"column":25},"end":{"line":55,"column":24}},"33":{"start":{"line":56,"column":20},"end":{"line":56,"column":43}},"34":{"start":{"line":58,"column":6},"end":{"line":64,"column":9}},"35":{"start":{"line":66,"column":28},"end":{"line":66,"column":91}},"36":{"start":{"line":67,"column":6},"end":{"line":67,"column":134}},"37":{"start":{"line":69,"column":6},"end":{"line":69,"column":88}},"38":{"start":{"line":72,"column":4},"end":{"line":72,"column":107}},"39":{"start":{"line":76,"column":34},"end":{"line":104,"column":1}},"40":{"start":{"line":77,"column":2},"end":{"line":103,"column":3}},"41":{"start":{"line":78,"column":37},"end":{"line":78,"column":45}},"42":{"start":{"line":79,"column":4},"end":{"line":100,"column":7}},"43":{"start":{"line":80,"column":19},"end":{"line":80,"column":108}},"44":{"start":{"line":81,"column":6},"end":{"line":81,"column":114}},"45":{"start":{"line":81,"column":17},"end":{"line":81,"column":114}},"46":{"start":{"line":83,"column":20},"end":{"line":83,"column":72}},"47":{"start":{"line":84,"column":6},"end":{"line":84,"column":93}},"48":{"start":{"line":84,"column":18},"end":{"line":84,"column":93}},"49":{"start":{"line":86,"column":22},"end":{"line":86,"column":122}},"50":{"start":{"line":87,"column":17},"end":{"line":87,"column":34}},"51":{"start":{"line":89,"column":6},"end":{"line":94,"column":9}},"52":{"start":{"line":96,"column":25},"end":{"line":96,"column":84}},"53":{"start":{"line":97,"column":6},"end":{"line":97,"column":115}},"54":{"start":{"line":99,"column":6},"end":{"line":99,"column":97}},"55":{"start":{"line":102,"column":4},"end":{"line":102,"column":107}},"56":{"start":{"line":106,"column":36},"end":{"line":143,"column":1}},"57":{"start":{"line":107,"column":2},"end":{"line":142,"column":3}},"58":{"start":{"line":108,"column":19},"end":{"line":108,"column":29}},"59":{"start":{"line":109,"column":48},"end":{"line":109,"column":56}},"60":{"start":{"line":111,"column":4},"end":{"line":139,"column":7}},"61":{"start":{"line":112,"column":22},"end":{"line":112,"column":95}},"62":{"start":{"line":113,"column":6},"end":{"line":113,"column":112}},"63":{"start":{"line":113,"column":20},"end":{"line":113,"column":112}},"64":{"start":{"line":115,"column":22},"end":{"line":115,"column":117}},"65":{"start":{"line":116,"column":6},"end":{"line":116,"column":103}},"66":{"start":{"line":116,"column":20},"end":{"line":116,"column":103}},"67":{"start":{"line":118,"column":6},"end":{"line":118,"column":84}},"68":{"start":{"line":120,"column":25},"end":{"line":124,"column":24}},"69":{"start":{"line":125,"column":20},"end":{"line":125,"column":43}},"70":{"start":{"line":127,"column":6},"end":{"line":133,"column":9}},"71":{"start":{"line":135,"column":28},"end":{"line":135,"column":94}},"72":{"start":{"line":136,"column":6},"end":{"line":136,"column":137}},"73":{"start":{"line":138,"column":6},"end":{"line":138,"column":90}},"74":{"start":{"line":141,"column":4},"end":{"line":141,"column":109}},"75":{"start":{"line":145,"column":41},"end":{"line":162,"column":1}},"76":{"start":{"line":146,"column":2},"end":{"line":161,"column":3}},"77":{"start":{"line":147,"column":38},"end":{"line":147,"column":47}},"78":{"start":{"line":148,"column":16},"end":{"line":152,"column":153}},"79":{"start":{"line":154,"column":4},"end":{"line":154,"column":66}},"80":{"start":{"line":154,"column":18},"end":{"line":154,"column":66}},"81":{"start":{"line":155,"column":4},"end":{"line":155,"column":77}},"82":{"start":{"line":155,"column":21},"end":{"line":155,"column":77}},"83":{"start":{"line":157,"column":17},"end":{"line":157,"column":72}},"84":{"start":{"line":158,"column":4},"end":{"line":158,"column":92}},"85":{"start":{"line":160,"column":4},"end":{"line":160,"column":107}},"86":{"start":{"line":164,"column":44},"end":{"line":176,"column":1}},"87":{"start":{"line":165,"column":2},"end":{"line":175,"column":3}},"88":{"start":{"line":166,"column":17},"end":{"line":170,"column":53}},"89":{"start":{"line":172,"column":4},"end":{"line":172,"column":95}},"90":{"start":{"line":174,"column":4},"end":{"line":174,"column":107}},"91":{"start":{"line":178,"column":28},"end":{"line":192,"column":1}},"92":{"start":{"line":179,"column":2},"end":{"line":191,"column":3}},"93":{"start":{"line":180,"column":46},"end":{"line":180,"column":55}},"94":{"start":{"line":181,"column":16},"end":{"line":181,"column":44}},"95":{"start":{"line":183,"column":4},"end":{"line":183,"column":61}},"96":{"start":{"line":183,"column":14},"end":{"line":183,"column":61}},"97":{"start":{"line":184,"column":4},"end":{"line":184,"column":76}},"98":{"start":{"line":184,"column":22},"end":{"line":184,"column":76}},"99":{"start":{"line":185,"column":4},"end":{"line":185,"column":70}},"100":{"start":{"line":185,"column":19},"end":{"line":185,"column":70}},"101":{"start":{"line":187,"column":17},"end":{"line":187,"column":58}},"102":{"start":{"line":188,"column":4},"end":{"line":188,"column":74}},"103":{"start":{"line":190,"column":4},"end":{"line":190,"column":104}},"104":{"start":{"line":194,"column":41},"end":{"line":216,"column":1}},"105":{"start":{"line":195,"column":2},"end":{"line":215,"column":3}},"106":{"start":{"line":196,"column":19},"end":{"line":196,"column":29}},"107":{"start":{"line":197,"column":4},"end":{"line":212,"column":7}},"108":{"start":{"line":198,"column":22},"end":{"line":198,"column":78}},"109":{"start":{"line":199,"column":6},"end":{"line":199,"column":94}},"110":{"start":{"line":199,"column":20},"end":{"line":199,"column":94}},"111":{"start":{"line":201,"column":6},"end":{"line":201,"column":81}},"112":{"start":{"line":203,"column":6},"end":{"line":208,"column":9}},"113":{"start":{"line":210,"column":6},"end":{"line":210,"column":120}},"114":{"start":{"line":211,"column":6},"end":{"line":211,"column":79}},"115":{"start":{"line":214,"column":4},"end":{"line":214,"column":107}},"116":{"start":{"line":218,"column":43},"end":{"line":240,"column":1}},"117":{"start":{"line":219,"column":2},"end":{"line":239,"column":3}},"118":{"start":{"line":220,"column":19},"end":{"line":220,"column":29}},"119":{"start":{"line":221,"column":4},"end":{"line":236,"column":7}},"120":{"start":{"line":222,"column":22},"end":{"line":222,"column":81}},"121":{"start":{"line":223,"column":6},"end":{"line":223,"column":94}},"122":{"start":{"line":223,"column":20},"end":{"line":223,"column":94}},"123":{"start":{"line":225,"column":6},"end":{"line":225,"column":84}},"124":{"start":{"line":227,"column":6},"end":{"line":232,"column":9}},"125":{"start":{"line":234,"column":6},"end":{"line":234,"column":123}},"126":{"start":{"line":235,"column":6},"end":{"line":235,"column":79}},"127":{"start":{"line":238,"column":4},"end":{"line":238,"column":107}}},"fnMap":{"0":{"name":"(anonymous_0)","decl":{"start":{"line":4,"column":32},"end":{"line":4,"column":33}},"loc":{"start":{"line":4,"column":52},"end":{"line":35,"column":1}},"line":4},"1":{"name":"(anonymous_1)","decl":{"start":{"line":7,"column":25},"end":{"line":7,"column":26}},"loc":{"start":{"line":7,"column":38},"end":{"line":31,"column":5}},"line":7},"2":{"name":"(anonymous_2)","decl":{"start":{"line":37,"column":34},"end":{"line":37,"column":35}},"loc":{"start":{"line":37,"column":54},"end":{"line":74,"column":1}},"line":37},"3":{"name":"(anonymous_3)","decl":{"start":{"line":42,"column":25},"end":{"line":42,"column":26}},"loc":{"start":{"line":42,"column":38},"end":{"line":70,"column":5}},"line":42},"4":{"name":"(anonymous_4)","decl":{"start":{"line":76,"column":34},"end":{"line":76,"column":35}},"loc":{"start":{"line":76,"column":54},"end":{"line":104,"column":1}},"line":76},"5":{"name":"(anonymous_5)","decl":{"start":{"line":79,"column":25},"end":{"line":79,"column":26}},"loc":{"start":{"line":79,"column":38},"end":{"line":100,"column":5}},"line":79},"6":{"name":"(anonymous_6)","decl":{"start":{"line":106,"column":36},"end":{"line":106,"column":37}},"loc":{"start":{"line":106,"column":56},"end":{"line":143,"column":1}},"line":106},"7":{"name":"(anonymous_7)","decl":{"start":{"line":111,"column":25},"end":{"line":111,"column":26}},"loc":{"start":{"line":111,"column":38},"end":{"line":139,"column":5}},"line":111},"8":{"name":"(anonymous_8)","decl":{"start":{"line":145,"column":41},"end":{"line":145,"column":42}},"loc":{"start":{"line":145,"column":61},"end":{"line":162,"column":1}},"line":145},"9":{"name":"(anonymous_9)","decl":{"start":{"line":164,"column":44},"end":{"line":164,"column":45}},"loc":{"start":{"line":164,"column":64},"end":{"line":176,"column":1}},"line":164},"10":{"name":"(anonymous_10)","decl":{"start":{"line":178,"column":28},"end":{"line":178,"column":29}},"loc":{"start":{"line":178,"column":48},"end":{"line":192,"column":1}},"line":178},"11":{"name":"(anonymous_11)","decl":{"start":{"line":194,"column":41},"end":{"line":194,"column":42}},"loc":{"start":{"line":194,"column":61},"end":{"line":216,"column":1}},"line":194},"12":{"name":"(anonymous_12)","decl":{"start":{"line":197,"column":25},"end":{"line":197,"column":26}},"loc":{"start":{"line":197,"column":38},"end":{"line":212,"column":5}},"line":197},"13":{"name":"(anonymous_13)","decl":{"start":{"line":218,"column":43},"end":{"line":218,"column":44}},"loc":{"start":{"line":218,"column":63},"end":{"line":240,"column":1}},"line":218},"14":{"name":"(anonymous_14)","decl":{"start":{"line":221,"column":25},"end":{"line":221,"column":26}},"loc":{"start":{"line":221,"column":38},"end":{"line":236,"column":5}},"line":221}},"branchMap":{"0":{"loc":{"start":{"line":9,"column":6},"end":{"line":9,"column":112}},"type":"if","locations":[{"start":{"line":9,"column":6},"end":{"line":9,"column":112}},{"start":{},"end":{}}],"line":9},"1":{"loc":{"start":{"line":12,"column":6},"end":{"line":12,"column":91}},"type":"if","locations":[{"start":{"line":12,"column":6},"end":{"line":12,"column":91}},{"start":{},"end":{}}],"line":12},"2":{"loc":{"start":{"line":15,"column":6},"end":{"line":15,"column":113}},"type":"if","locations":[{"start":{"line":15,"column":6},"end":{"line":15,"column":113}},{"start":{},"end":{}}],"line":15},"3":{"loc":{"start":{"line":18,"column":17},"end":{"line":18,"column":34}},"type":"binary-expr","locations":[{"start":{"line":18,"column":17},"end":{"line":18,"column":25}},{"start":{"line":18,"column":29},"end":{"line":18,"column":34}}],"line":18},"4":{"loc":{"start":{"line":44,"column":6},"end":{"line":44,"column":112}},"type":"if","locations":[{"start":{"line":44,"column":6},"end":{"line":44,"column":112}},{"start":{},"end":{}}],"line":44},"5":{"loc":{"start":{"line":47,"column":6},"end":{"line":47,"column":103}},"type":"if","locations":[{"start":{"line":47,"column":6},"end":{"line":47,"column":103}},{"start":{},"end":{}}],"line":47},"6":{"loc":{"start":{"line":56,"column":20},"end":{"line":56,"column":43}},"type":"binary-expr","locations":[{"start":{"line":56,"column":20},"end":{"line":56,"column":31}},{"start":{"line":56,"column":35},"end":{"line":56,"column":43}}],"line":56},"7":{"loc":{"start":{"line":63,"column":23},"end":{"line":63,"column":54}},"type":"binary-expr","locations":[{"start":{"line":63,"column":23},"end":{"line":63,"column":36}},{"start":{"line":63,"column":40},"end":{"line":63,"column":54}}],"line":63},"8":{"loc":{"start":{"line":81,"column":6},"end":{"line":81,"column":114}},"type":"if","locations":[{"start":{"line":81,"column":6},"end":{"line":81,"column":114}},{"start":{},"end":{}}],"line":81},"9":{"loc":{"start":{"line":84,"column":6},"end":{"line":84,"column":93}},"type":"if","locations":[{"start":{"line":84,"column":6},"end":{"line":84,"column":93}},{"start":{},"end":{}}],"line":84},"10":{"loc":{"start":{"line":87,"column":17},"end":{"line":87,"column":34}},"type":"binary-expr","locations":[{"start":{"line":87,"column":17},"end":{"line":87,"column":25}},{"start":{"line":87,"column":29},"end":{"line":87,"column":34}}],"line":87},"11":{"loc":{"start":{"line":113,"column":6},"end":{"line":113,"column":112}},"type":"if","locations":[{"start":{"line":113,"column":6},"end":{"line":113,"column":112}},{"start":{},"end":{}}],"line":113},"12":{"loc":{"start":{"line":116,"column":6},"end":{"line":116,"column":103}},"type":"if","locations":[{"start":{"line":116,"column":6},"end":{"line":116,"column":103}},{"start":{},"end":{}}],"line":116},"13":{"loc":{"start":{"line":125,"column":20},"end":{"line":125,"column":43}},"type":"binary-expr","locations":[{"start":{"line":125,"column":20},"end":{"line":125,"column":31}},{"start":{"line":125,"column":35},"end":{"line":125,"column":43}}],"line":125},"14":{"loc":{"start":{"line":132,"column":23},"end":{"line":132,"column":54}},"type":"binary-expr","locations":[{"start":{"line":132,"column":23},"end":{"line":132,"column":36}},{"start":{"line":132,"column":40},"end":{"line":132,"column":54}}],"line":132},"15":{"loc":{"start":{"line":154,"column":4},"end":{"line":154,"column":66}},"type":"if","locations":[{"start":{"line":154,"column":4},"end":{"line":154,"column":66}},{"start":{},"end":{}}],"line":154},"16":{"loc":{"start":{"line":155,"column":4},"end":{"line":155,"column":77}},"type":"if","locations":[{"start":{"line":155,"column":4},"end":{"line":155,"column":77}},{"start":{},"end":{}}],"line":155},"17":{"loc":{"start":{"line":183,"column":4},"end":{"line":183,"column":61}},"type":"if","locations":[{"start":{"line":183,"column":4},"end":{"line":183,"column":61}},{"start":{},"end":{}}],"line":183},"18":{"loc":{"start":{"line":184,"column":4},"end":{"line":184,"column":76}},"type":"if","locations":[{"start":{"line":184,"column":4},"end":{"line":184,"column":76}},{"start":{},"end":{}}],"line":184},"19":{"loc":{"start":{"line":185,"column":4},"end":{"line":185,"column":70}},"type":"if","locations":[{"start":{"line":185,"column":4},"end":{"line":185,"column":70}},{"start":{},"end":{}}],"line":185},"20":{"loc":{"start":{"line":199,"column":6},"end":{"line":199,"column":94}},"type":"if","locations":[{"start":{"line":199,"column":6},"end":{"line":199,"column":94}},{"start":{},"end":{}}],"line":199},"21":{"loc":{"start":{"line":223,"column":6},"end":{"line":223,"column":94}},"type":"if","locations":[{"start":{"line":223,"column":6},"end":{"line":223,"column":94}},{"start":{},"end":{}}],"line":223}},"s":{"0":0,"1":0,"2":0,"3":0,"4":0,"5":0,"6":0,"7":0,"8":0,"9":0,"10":0,"11":0,"12":0,"13":0,"14":0,"15":0,"16":0,"17":0,"18":0,"19":0,"20":0,"21":0,"22":0,"23":0,"24":0,"25":0,"26":0,"27":0,"28":0,"29":0,"30":0,"31":0,"32":0,"33":0,"34":0,"35":0,"36":0,"37":0,"38":0,"39":0,"40":0,"41":0,"42":0,"43":0,"44":0,"45":0,"46":0,"47":0,"48":0,"49":0,"50":0,"51":0,"52":0,"53":0,"54":0,"55":0,"56":0,"57":0,"58":0,"59":0,"60":0,"61":0,"62":0,"63":0,"64":0,"65":0,"66":0,"67":0,"68":0,"69":0,"70":0,"71":0,"72":0,"73":0,"74":0,"75":0,"76":0,"77":0,"78":0,"79":0,"80":0,"81":0,"82":0,"83":0,"84":0,"85":0,"86":0,"87":0,"88":0,"89":0,"90":0,"91":0,"92":0,"93":0,"94":0,"95":0,"96":0,"97":0,"98":0,"99":0,"100":0,"101":0,"102":0,"103":0,"104":0,"105":0,"106":0,"107":0,"108":0,"109":0,"110":0,"111":0,"112":0,"113":0,"114":0,"115":0,"116":0,"117":0,"118":0,"119":0,"120":0,"121":0,"122":0,"123":0,"124":0,"125":0,"126":0,"127":0},"f":{"0":0,"1":0,"2":0,"3":0,"4":0,"5":0,"6":0,"7":0,"8":0,"9":0,"10":0,"11":0,"12":0,"13":0,"14":0},"b":{"0":[0,0],"1":[0,0],"2":[0,0],"3":[0,0],"4":[0,0],"5":[0,0],"6":[0,0],"7":[0,0],"8":[0,0],"9":[0,0],"10":[0,0],"11":[0,0],"12":[0,0],"13":[0,0],"14":[0,0],"15":[0,0],"16":[0,0],"17":[0,0],"18":[0,0],"19":[0,0],"20":[0,0],"21":[0,0]},"inputSourceMap":null}
,"C:\\Users\\HG123\\.gemini\\antigravity\\scratch\\sistema-electoral\\backend\\src\\controllers\\auth.controller.js": {"path":"C:\\Users\\HG123\\.gemini\\antigravity\\scratch\\sistema-electoral\\backend\\src\\controllers\\auth.controller.js","statementMap":{"0":{"start":{"line":9,"column":21},"end":{"line":64,"column":1}},"1":{"start":{"line":10,"column":2},"end":{"line":63,"column":3}},"2":{"start":{"line":11,"column":30},"end":{"line":11,"column":38}},"3":{"start":{"line":12,"column":17},"end":{"line":12,"column":74}},"4":{"start":{"line":14,"column":4},"end":{"line":16,"column":5}},"5":{"start":{"line":15,"column":6},"end":{"line":15,"column":89}},"6":{"start":{"line":18,"column":18},"end":{"line":18,"column":23}},"7":{"start":{"line":21,"column":4},"end":{"line":23,"column":5}},"8":{"start":{"line":22,"column":6},"end":{"line":22,"column":67}},"9":{"start":{"line":26,"column":4},"end":{"line":39,"column":5}},"10":{"start":{"line":27,"column":25},"end":{"line":34,"column":16}},"11":{"start":{"line":36,"column":6},"end":{"line":38,"column":7}},"12":{"start":{"line":37,"column":8},"end":{"line":37,"column":23}},"13":{"start":{"line":41,"column":4},"end":{"line":46,"column":5}},"14":{"start":{"line":42,"column":6},"end":{"line":45,"column":9}},"15":{"start":{"line":48,"column":20},"end":{"line":48,"column":65}},"16":{"start":{"line":49,"column":24},"end":{"line":49,"column":99}},"17":{"start":{"line":50,"column":25},"end":{"line":50,"column":108}},"18":{"start":{"line":52,"column":4},"end":{"line":60,"column":7}},"19":{"start":{"line":62,"column":4},"end":{"line":62,"column":94}},"20":{"start":{"line":66,"column":28},"end":{"line":79,"column":1}},"21":{"start":{"line":67,"column":2},"end":{"line":78,"column":3}},"22":{"start":{"line":68,"column":22},"end":{"line":68,"column":30}},"23":{"start":{"line":69,"column":4},"end":{"line":69,"column":92}},"24":{"start":{"line":69,"column":16},"end":{"line":69,"column":92}},"25":{"start":{"line":71,"column":20},"end":{"line":71,"column":82}},"26":{"start":{"line":72,"column":23},"end":{"line":72,"column":77}},"27":{"start":{"line":73,"column":27},"end":{"line":73,"column":105}},"28":{"start":{"line":75,"column":4},"end":{"line":75,"column":98}},"29":{"start":{"line":77,"column":4},"end":{"line":77,"column":94}},"30":{"start":{"line":81,"column":26},"end":{"line":91,"column":1}},"31":{"start":{"line":82,"column":2},"end":{"line":90,"column":3}},"32":{"start":{"line":83,"column":17},"end":{"line":83,"column":72}},"33":{"start":{"line":84,"column":4},"end":{"line":84,"column":97}},"34":{"start":{"line":84,"column":15},"end":{"line":84,"column":97}},"35":{"start":{"line":86,"column":4},"end":{"line":86,"column":30}},"36":{"start":{"line":87,"column":4},"end":{"line":87,"column":72}},"37":{"start":{"line":89,"column":4},"end":{"line":89,"column":103}},"38":{"start":{"line":93,"column":30},"end":{"line":135,"column":1}},"39":{"start":{"line":94,"column":2},"end":{"line":134,"column":3}},"40":{"start":{"line":95,"column":45},"end":{"line":95,"column":53}},"41":{"start":{"line":97,"column":4},"end":{"line":102,"column":5}},"42":{"start":{"line":98,"column":6},"end":{"line":101,"column":9}},"43":{"start":{"line":104,"column":17},"end":{"line":104,"column":72}},"44":{"start":{"line":105,"column":4},"end":{"line":105,"column":97}},"45":{"start":{"line":105,"column":15},"end":{"line":105,"column":97}},"46":{"start":{"line":108,"column":4},"end":{"line":116,"column":5}},"47":{"start":{"line":109,"column":22},"end":{"line":109,"column":79}},"48":{"start":{"line":110,"column":6},"end":{"line":115,"column":7}},"49":{"start":{"line":111,"column":8},"end":{"line":114,"column":11}},"50":{"start":{"line":118,"column":26},"end":{"line":118,"column":60}},"51":{"start":{"line":119,"column":4},"end":{"line":122,"column":7}},"52":{"start":{"line":124,"column":4},"end":{"line":127,"column":7}},"53":{"start":{"line":129,"column":4},"end":{"line":133,"column":7}}},"fnMap":{"0":{"name":"(anonymous_0)","decl":{"start":{"line":9,"column":21},"end":{"line":9,"column":22}},"loc":{"start":{"line":9,"column":41},"end":{"line":64,"column":1}},"line":9},"1":{"name":"(anonymous_1)","decl":{"start":{"line":66,"column":28},"end":{"line":66,"column":29}},"loc":{"start":{"line":66,"column":48},"end":{"line":79,"column":1}},"line":66},"2":{"name":"(anonymous_2)","decl":{"start":{"line":81,"column":26},"end":{"line":81,"column":27}},"loc":{"start":{"line":81,"column":46},"end":{"line":91,"column":1}},"line":81},"3":{"name":"(anonymous_3)","decl":{"start":{"line":93,"column":30},"end":{"line":93,"column":31}},"loc":{"start":{"line":93,"column":50},"end":{"line":135,"column":1}},"line":93}},"branchMap":{"0":{"loc":{"start":{"line":14,"column":4},"end":{"line":16,"column":5}},"type":"if","locations":[{"start":{"line":14,"column":4},"end":{"line":16,"column":5}},{"start":{},"end":{}}],"line":14},"1":{"loc":{"start":{"line":21,"column":4},"end":{"line":23,"column":5}},"type":"if","locations":[{"start":{"line":21,"column":4},"end":{"line":23,"column":5}},{"start":{},"end":{}}],"line":21},"2":{"loc":{"start":{"line":26,"column":4},"end":{"line":39,"column":5}},"type":"if","locations":[{"start":{"line":26,"column":4},"end":{"line":39,"column":5}},{"start":{},"end":{}}],"line":26},"3":{"loc":{"start":{"line":26,"column":8},"end":{"line":26,"column":44}},"type":"binary-expr","locations":[{"start":{"line":26,"column":8},"end":{"line":26,"column":16}},{"start":{"line":26,"column":20},"end":{"line":26,"column":44}}],"line":26},"4":{"loc":{"start":{"line":36,"column":6},"end":{"line":38,"column":7}},"type":"if","locations":[{"start":{"line":36,"column":6},"end":{"line":38,"column":7}},{"start":{},"end":{}}],"line":36},"5":{"loc":{"start":{"line":36,"column":10},"end":{"line":36,"column":66}},"type":"binary-expr","locations":[{"start":{"line":36,"column":10},"end":{"line":36,"column":20}},{"start":{"line":36,"column":24},"end":{"line":36,"column":66}}],"line":36},"6":{"loc":{"start":{"line":41,"column":4},"end":{"line":46,"column":5}},"type":"if","locations":[{"start":{"line":41,"column":4},"end":{"line":46,"column":5}},{"start":{},"end":{}}],"line":41},"7":{"loc":{"start":{"line":49,"column":42},"end":{"line":49,"column":76}},"type":"binary-expr","locations":[{"start":{"line":49,"column":42},"end":{"line":49,"column":64}},{"start":{"line":49,"column":68},"end":{"line":49,"column":76}}],"line":49},"8":{"loc":{"start":{"line":50,"column":43},"end":{"line":50,"column":86}},"type":"binary-expr","locations":[{"start":{"line":50,"column":43},"end":{"line":50,"column":73}},{"start":{"line":50,"column":77},"end":{"line":50,"column":86}}],"line":50},"9":{"loc":{"start":{"line":69,"column":4},"end":{"line":69,"column":92}},"type":"if","locations":[{"start":{"line":69,"column":4},"end":{"line":69,"column":92}},{"start":{},"end":{}}],"line":69},"10":{"loc":{"start":{"line":71,"column":38},"end":{"line":71,"column":81}},"type":"binary-expr","locations":[{"start":{"line":71,"column":38},"end":{"line":71,"column":68}},{"start":{"line":71,"column":72},"end":{"line":71,"column":81}}],"line":71},"11":{"loc":{"start":{"line":73,"column":48},"end":{"line":73,"column":82}},"type":"binary-expr","locations":[{"start":{"line":73,"column":48},"end":{"line":73,"column":70}},{"start":{"line":73,"column":74},"end":{"line":73,"column":82}}],"line":73},"12":{"loc":{"start":{"line":84,"column":4},"end":{"line":84,"column":97}},"type":"if","locations":[{"start":{"line":84,"column":4},"end":{"line":84,"column":97}},{"start":{},"end":{}}],"line":84},"13":{"loc":{"start":{"line":97,"column":4},"end":{"line":102,"column":5}},"type":"if","locations":[{"start":{"line":97,"column":4},"end":{"line":102,"column":5}},{"start":{},"end":{}}],"line":97},"14":{"loc":{"start":{"line":97,"column":8},"end":{"line":97,"column":46}},"type":"binary-expr","locations":[{"start":{"line":97,"column":8},"end":{"line":97,"column":20}},{"start":{"line":97,"column":24},"end":{"line":97,"column":46}}],"line":97},"15":{"loc":{"start":{"line":105,"column":4},"end":{"line":105,"column":97}},"type":"if","locations":[{"start":{"line":105,"column":4},"end":{"line":105,"column":97}},{"start":{},"end":{}}],"line":105},"16":{"loc":{"start":{"line":108,"column":4},"end":{"line":116,"column":5}},"type":"if","locations":[{"start":{"line":108,"column":4},"end":{"line":116,"column":5}},{"start":{},"end":{}}],"line":108},"17":{"loc":{"start":{"line":108,"column":8},"end":{"line":108,"column":45}},"type":"binary-expr","locations":[{"start":{"line":108,"column":8},"end":{"line":108,"column":26}},{"start":{"line":108,"column":30},"end":{"line":108,"column":45}}],"line":108},"18":{"loc":{"start":{"line":110,"column":6},"end":{"line":115,"column":7}},"type":"if","locations":[{"start":{"line":110,"column":6},"end":{"line":115,"column":7}},{"start":{},"end":{}}],"line":110}},"s":{"0":1,"1":6,"2":6,"3":6,"4":5,"5":1,"6":4,"7":4,"8":4,"9":4,"10":2,"11":2,"12":1,"13":4,"14":2,"15":2,"16":2,"17":2,"18":2,"19":1,"20":1,"21":3,"22":3,"23":3,"24":1,"25":2,"26":1,"27":1,"28":1,"29":1,"30":1,"31":3,"32":3,"33":2,"34":1,"35":1,"36":1,"37":1,"38":1,"39":5,"40":5,"41":5,"42":1,"43":4,"44":3,"45":1,"46":2,"47":2,"48":2,"49":1,"50":1,"51":1,"52":1,"53":1},"f":{"0":6,"1":3,"2":3,"3":5},"b":{"0":[1,4],"1":[4,0],"2":[2,2],"3":[4,3],"4":[1,1],"5":[2,2],"6":[2,2],"7":[2,2],"8":[2,2],"9":[1,2],"10":[2,2],"11":[1,1],"12":[1,1],"13":[1,4],"14":[5,5],"15":[1,2],"16":[2,0],"17":[2,2],"18":[1,1]},"inputSourceMap":null,"_coverageSchema":"1a1c01bbd47fc00a2c39e90264f33305004495a9","hash":"51b12340fc0e7c1a9bf331b312ae8aab9af34a8f"}
,"C:\\Users\\HG123\\.gemini\\antigravity\\scratch\\sistema-electoral\\backend\\src\\controllers\\candidatos.controller.js": {"path":"C:\\Users\\HG123\\.gemini\\antigravity\\scratch\\sistema-electoral\\backend\\src\\controllers\\candidatos.controller.js","statementMap":{"0":{"start":{"line":4,"column":22},"end":{"line":11,"column":1}},"1":{"start":{"line":5,"column":2},"end":{"line":10,"column":3}},"2":{"start":{"line":6,"column":23},"end":{"line":6,"column":100}},"3":{"start":{"line":7,"column":4},"end":{"line":7,"column":82}},"4":{"start":{"line":9,"column":4},"end":{"line":9,"column":105}},"5":{"start":{"line":13,"column":23},"end":{"line":22,"column":1}},"6":{"start":{"line":14,"column":2},"end":{"line":21,"column":3}},"7":{"start":{"line":15,"column":19},"end":{"line":15,"column":29}},"8":{"start":{"line":16,"column":22},"end":{"line":16,"column":80}},"9":{"start":{"line":17,"column":4},"end":{"line":17,"column":104}},"10":{"start":{"line":17,"column":20},"end":{"line":17,"column":104}},"11":{"start":{"line":18,"column":4},"end":{"line":18,"column":80}},"12":{"start":{"line":20,"column":4},"end":{"line":20,"column":106}},"13":{"start":{"line":24,"column":22},"end":{"line":33,"column":1}},"14":{"start":{"line":25,"column":2},"end":{"line":32,"column":3}},"15":{"start":{"line":26,"column":17},"end":{"line":26,"column":72}},"16":{"start":{"line":27,"column":22},"end":{"line":27,"column":79}},"17":{"start":{"line":28,"column":4},"end":{"line":28,"column":87}},"18":{"start":{"line":29,"column":4},"end":{"line":29,"column":90}},"19":{"start":{"line":31,"column":4},"end":{"line":31,"column":103}},"20":{"start":{"line":35,"column":22},"end":{"line":48,"column":1}},"21":{"start":{"line":36,"column":2},"end":{"line":47,"column":3}},"22":{"start":{"line":37,"column":19},"end":{"line":37,"column":29}},"23":{"start":{"line":38,"column":20},"end":{"line":38,"column":64}},"24":{"start":{"line":39,"column":4},"end":{"line":39,"column":102}},"25":{"start":{"line":39,"column":18},"end":{"line":39,"column":102}},"26":{"start":{"line":41,"column":4},"end":{"line":41,"column":58}},"27":{"start":{"line":42,"column":22},"end":{"line":42,"column":66}},"28":{"start":{"line":43,"column":4},"end":{"line":43,"column":96}},"29":{"start":{"line":44,"column":4},"end":{"line":44,"column":83}},"30":{"start":{"line":46,"column":4},"end":{"line":46,"column":108}},"31":{"start":{"line":50,"column":22},"end":{"line":63,"column":1}},"32":{"start":{"line":51,"column":2},"end":{"line":62,"column":3}},"33":{"start":{"line":52,"column":19},"end":{"line":52,"column":29}},"34":{"start":{"line":53,"column":20},"end":{"line":53,"column":64}},"35":{"start":{"line":54,"column":4},"end":{"line":54,"column":102}},"36":{"start":{"line":54,"column":18},"end":{"line":54,"column":102}},"37":{"start":{"line":56,"column":4},"end":{"line":56,"column":67}},"38":{"start":{"line":57,"column":22},"end":{"line":57,"column":66}},"39":{"start":{"line":58,"column":4},"end":{"line":58,"column":105}},"40":{"start":{"line":59,"column":4},"end":{"line":59,"column":83}},"41":{"start":{"line":61,"column":4},"end":{"line":61,"column":106}}},"fnMap":{"0":{"name":"(anonymous_0)","decl":{"start":{"line":4,"column":22},"end":{"line":4,"column":23}},"loc":{"start":{"line":4,"column":42},"end":{"line":11,"column":1}},"line":4},"1":{"name":"(anonymous_1)","decl":{"start":{"line":13,"column":23},"end":{"line":13,"column":24}},"loc":{"start":{"line":13,"column":43},"end":{"line":22,"column":1}},"line":13},"2":{"name":"(anonymous_2)","decl":{"start":{"line":24,"column":22},"end":{"line":24,"column":23}},"loc":{"start":{"line":24,"column":42},"end":{"line":33,"column":1}},"line":24},"3":{"name":"(anonymous_3)","decl":{"start":{"line":35,"column":22},"end":{"line":35,"column":23}},"loc":{"start":{"line":35,"column":42},"end":{"line":48,"column":1}},"line":35},"4":{"name":"(anonymous_4)","decl":{"start":{"line":50,"column":22},"end":{"line":50,"column":23}},"loc":{"start":{"line":50,"column":42},"end":{"line":63,"column":1}},"line":50}},"branchMap":{"0":{"loc":{"start":{"line":17,"column":4},"end":{"line":17,"column":104}},"type":"if","locations":[{"start":{"line":17,"column":4},"end":{"line":17,"column":104}},{"start":{},"end":{}}],"line":17},"1":{"loc":{"start":{"line":27,"column":57},"end":{"line":27,"column":68}},"type":"binary-expr","locations":[{"start":{"line":27,"column":57},"end":{"line":27,"column":62}},{"start":{"line":27,"column":66},"end":{"line":27,"column":68}}],"line":27},"2":{"loc":{"start":{"line":39,"column":4},"end":{"line":39,"column":102}},"type":"if","locations":[{"start":{"line":39,"column":4},"end":{"line":39,"column":102}},{"start":{},"end":{}}],"line":39},"3":{"loc":{"start":{"line":54,"column":4},"end":{"line":54,"column":102}},"type":"if","locations":[{"start":{"line":54,"column":4},"end":{"line":54,"column":102}},{"start":{},"end":{}}],"line":54}},"s":{"0":0,"1":0,"2":0,"3":0,"4":0,"5":0,"6":0,"7":0,"8":0,"9":0,"10":0,"11":0,"12":0,"13":0,"14":0,"15":0,"16":0,"17":0,"18":0,"19":0,"20":0,"21":0,"22":0,"23":0,"24":0,"25":0,"26":0,"27":0,"28":0,"29":0,"30":0,"31":0,"32":0,"33":0,"34":0,"35":0,"36":0,"37":0,"38":0,"39":0,"40":0,"41":0},"f":{"0":0,"1":0,"2":0,"3":0,"4":0},"b":{"0":[0,0],"1":[0,0],"2":[0,0],"3":[0,0]},"inputSourceMap":null}
,"C:\\Users\\HG123\\.gemini\\antigravity\\scratch\\sistema-electoral\\backend\\src\\controllers\\dashboard.controller.js": {"path":"C:\\Users\\HG123\\.gemini\\antigravity\\scratch\\sistema-electoral\\backend\\src\\controllers\\dashboard.controller.js","statementMap":{"0":{"start":{"line":3,"column":26},"end":{"line":35,"column":1}},"1":{"start":{"line":4,"column":2},"end":{"line":34,"column":3}},"2":{"start":{"line":5,"column":24},"end":{"line":5,"column":66}},"3":{"start":{"line":6,"column":26},"end":{"line":6,"column":95}},"4":{"start":{"line":7,"column":29},"end":{"line":7,"column":116}},"5":{"start":{"line":8,"column":28},"end":{"line":8,"column":110}},"6":{"start":{"line":9,"column":26},"end":{"line":9,"column":70}},"7":{"start":{"line":10,"column":24},"end":{"line":10,"column":124}},"8":{"start":{"line":12,"column":17},"end":{"line":12,"column":110}},"9":{"start":{"line":12,"column":55},"end":{"line":12,"column":91}},"10":{"start":{"line":12,"column":92},"end":{"line":12,"column":103}},"11":{"start":{"line":13,"column":18},"end":{"line":13,"column":41}},"12":{"start":{"line":14,"column":18},"end":{"line":14,"column":41}},"13":{"start":{"line":16,"column":4},"end":{"line":31,"column":7}},"14":{"start":{"line":33,"column":4},"end":{"line":33,"column":85}},"15":{"start":{"line":37,"column":41},"end":{"line":65,"column":1}},"16":{"start":{"line":38,"column":2},"end":{"line":64,"column":3}},"17":{"start":{"line":39,"column":28},"end":{"line":39,"column":37}},"18":{"start":{"line":40,"column":16},"end":{"line":48,"column":31}},"19":{"start":{"line":50,"column":4},"end":{"line":50,"column":77}},"20":{"start":{"line":50,"column":21},"end":{"line":50,"column":77}},"21":{"start":{"line":52,"column":20},"end":{"line":52,"column":62}},"22":{"start":{"line":53,"column":18},"end":{"line":53,"column":84}},"23":{"start":{"line":53,"column":48},"end":{"line":53,"column":80}},"24":{"start":{"line":55,"column":17},"end":{"line":59,"column":7}},"25":{"start":{"line":55,"column":35},"end":{"line":59,"column":5}},"26":{"start":{"line":61,"column":4},"end":{"line":61,"column":38}},"27":{"start":{"line":63,"column":4},"end":{"line":63,"column":85}},"28":{"start":{"line":67,"column":40},"end":{"line":73,"column":1}},"29":{"start":{"line":68,"column":2},"end":{"line":72,"column":3}},"30":{"start":{"line":69,"column":4},"end":{"line":69,"column":42}},"31":{"start":{"line":71,"column":4},"end":{"line":71,"column":85}},"32":{"start":{"line":75,"column":37},"end":{"line":81,"column":1}},"33":{"start":{"line":76,"column":2},"end":{"line":80,"column":3}},"34":{"start":{"line":77,"column":4},"end":{"line":77,"column":42}},"35":{"start":{"line":79,"column":4},"end":{"line":79,"column":85}},"36":{"start":{"line":83,"column":34},"end":{"line":99,"column":1}},"37":{"start":{"line":84,"column":2},"end":{"line":98,"column":3}},"38":{"start":{"line":85,"column":38},"end":{"line":85,"column":47}},"39":{"start":{"line":86,"column":16},"end":{"line":89,"column":58}},"40":{"start":{"line":91,"column":4},"end":{"line":91,"column":77}},"41":{"start":{"line":91,"column":21},"end":{"line":91,"column":77}},"42":{"start":{"line":92,"column":4},"end":{"line":92,"column":66}},"43":{"start":{"line":92,"column":18},"end":{"line":92,"column":66}},"44":{"start":{"line":94,"column":18},"end":{"line":94,"column":29}},"45":{"start":{"line":95,"column":4},"end":{"line":95,"column":45}},"46":{"start":{"line":97,"column":4},"end":{"line":97,"column":85}},"47":{"start":{"line":101,"column":28},"end":{"line":108,"column":1}},"48":{"start":{"line":102,"column":2},"end":{"line":107,"column":3}},"49":{"start":{"line":103,"column":17},"end":{"line":103,"column":79}},"50":{"start":{"line":104,"column":4},"end":{"line":104,"column":44}},"51":{"start":{"line":106,"column":4},"end":{"line":106,"column":85}}},"fnMap":{"0":{"name":"(anonymous_0)","decl":{"start":{"line":3,"column":26},"end":{"line":3,"column":27}},"loc":{"start":{"line":3,"column":46},"end":{"line":35,"column":1}},"line":3},"1":{"name":"(anonymous_1)","decl":{"start":{"line":12,"column":38},"end":{"line":12,"column":39}},"loc":{"start":{"line":12,"column":53},"end":{"line":12,"column":105}},"line":12},"2":{"name":"(anonymous_2)","decl":{"start":{"line":37,"column":41},"end":{"line":37,"column":42}},"loc":{"start":{"line":37,"column":61},"end":{"line":65,"column":1}},"line":37},"3":{"name":"(anonymous_3)","decl":{"start":{"line":53,"column":33},"end":{"line":53,"column":34}},"loc":{"start":{"line":53,"column":48},"end":{"line":53,"column":80}},"line":53},"4":{"name":"(anonymous_4)","decl":{"start":{"line":55,"column":29},"end":{"line":55,"column":30}},"loc":{"start":{"line":55,"column":35},"end":{"line":59,"column":5}},"line":55},"5":{"name":"(anonymous_5)","decl":{"start":{"line":67,"column":40},"end":{"line":67,"column":41}},"loc":{"start":{"line":67,"column":60},"end":{"line":73,"column":1}},"line":67},"6":{"name":"(anonymous_6)","decl":{"start":{"line":75,"column":37},"end":{"line":75,"column":38}},"loc":{"start":{"line":75,"column":57},"end":{"line":81,"column":1}},"line":75},"7":{"name":"(anonymous_7)","decl":{"start":{"line":83,"column":34},"end":{"line":83,"column":35}},"loc":{"start":{"line":83,"column":54},"end":{"line":99,"column":1}},"line":83},"8":{"name":"(anonymous_8)","decl":{"start":{"line":101,"column":28},"end":{"line":101,"column":29}},"loc":{"start":{"line":101,"column":48},"end":{"line":108,"column":1}},"line":101}},"branchMap":{"0":{"loc":{"start":{"line":13,"column":18},"end":{"line":13,"column":41}},"type":"binary-expr","locations":[{"start":{"line":13,"column":18},"end":{"line":13,"column":36}},{"start":{"line":13,"column":40},"end":{"line":13,"column":41}}],"line":13},"1":{"loc":{"start":{"line":20,"column":26},"end":{"line":20,"column":48}},"type":"binary-expr","locations":[{"start":{"line":20,"column":26},"end":{"line":20,"column":43}},{"start":{"line":20,"column":47},"end":{"line":20,"column":48}}],"line":20},"2":{"loc":{"start":{"line":21,"column":26},"end":{"line":21,"column":48}},"type":"binary-expr","locations":[{"start":{"line":21,"column":26},"end":{"line":21,"column":43}},{"start":{"line":21,"column":47},"end":{"line":21,"column":48}}],"line":21},"3":{"loc":{"start":{"line":23,"column":26},"end":{"line":23,"column":48}},"type":"binary-expr","locations":[{"start":{"line":23,"column":26},"end":{"line":23,"column":43}},{"start":{"line":23,"column":47},"end":{"line":23,"column":48}}],"line":23},"4":{"loc":{"start":{"line":28,"column":27},"end":{"line":28,"column":60}},"type":"cond-expr","locations":[{"start":{"line":28,"column":35},"end":{"line":28,"column":56}},{"start":{"line":28,"column":59},"end":{"line":28,"column":60}}],"line":28},"5":{"loc":{"start":{"line":29,"column":39},"end":{"line":29,"column":57}},"type":"binary-expr","locations":[{"start":{"line":29,"column":39},"end":{"line":29,"column":52}},{"start":{"line":29,"column":56},"end":{"line":29,"column":57}}],"line":29},"6":{"loc":{"start":{"line":50,"column":4},"end":{"line":50,"column":77}},"type":"if","locations":[{"start":{"line":50,"column":4},"end":{"line":50,"column":77}},{"start":{},"end":{}}],"line":50},"7":{"loc":{"start":{"line":58,"column":18},"end":{"line":58,"column":69}},"type":"cond-expr","locations":[{"start":{"line":58,"column":26},"end":{"line":58,"column":65}},{"start":{"line":58,"column":68},"end":{"line":58,"column":69}}],"line":58},"8":{"loc":{"start":{"line":91,"column":4},"end":{"line":91,"column":77}},"type":"if","locations":[{"start":{"line":91,"column":4},"end":{"line":91,"column":77}},{"start":{},"end":{}}],"line":91},"9":{"loc":{"start":{"line":92,"column":4},"end":{"line":92,"column":66}},"type":"if","locations":[{"start":{"line":92,"column":4},"end":{"line":92,"column":66}},{"start":{},"end":{}}],"line":92}},"s":{"0":1,"1":2,"2":2,"3":1,"4":1,"5":1,"6":1,"7":1,"8":1,"9":4,"10":4,"11":1,"12":1,"13":1,"14":1,"15":1,"16":3,"17":3,"18":3,"19":3,"20":1,"21":3,"22":2,"23":2,"24":2,"25":2,"26":2,"27":1,"28":1,"29":1,"30":1,"31":0,"32":1,"33":1,"34":1,"35":0,"36":1,"37":1,"38":1,"39":1,"40":1,"41":0,"42":1,"43":0,"44":1,"45":1,"46":0,"47":1,"48":2,"49":2,"50":1,"51":1},"f":{"0":2,"1":4,"2":3,"3":2,"4":2,"5":1,"6":1,"7":1,"8":2},"b":{"0":[1,0],"1":[1,0],"2":[1,0],"3":[1,0],"4":[1,0],"5":[1,0],"6":[1,2],"7":[2,0],"8":[0,1],"9":[0,1]},"inputSourceMap":null,"_coverageSchema":"1a1c01bbd47fc00a2c39e90264f33305004495a9","hash":"8c9f9beddfe15ad7b890edf5559189a1c0ff6196"}
,"C:\\Users\\HG123\\.gemini\\antigravity\\scratch\\sistema-electoral\\backend\\src\\controllers\\distritos.controller.js": {"path":"C:\\Users\\HG123\\.gemini\\antigravity\\scratch\\sistema-electoral\\backend\\src\\controllers\\distritos.controller.js","statementMap":{"0":{"start":{"line":4,"column":22},"end":{"line":16,"column":1}},"1":{"start":{"line":5,"column":2},"end":{"line":15,"column":3}},"2":{"start":{"line":6,"column":18},"end":{"line":6,"column":27}},"3":{"start":{"line":7,"column":16},"end":{"line":7,"column":31}},"4":{"start":{"line":8,"column":4},"end":{"line":10,"column":5}},"5":{"start":{"line":9,"column":6},"end":{"line":9,"column":55}},"6":{"start":{"line":11,"column":22},"end":{"line":11,"column":58}},"7":{"start":{"line":12,"column":4},"end":{"line":12,"column":80}},"8":{"start":{"line":14,"column":4},"end":{"line":14,"column":104}},"9":{"start":{"line":18,"column":23},"end":{"line":27,"column":1}},"10":{"start":{"line":19,"column":2},"end":{"line":26,"column":3}},"11":{"start":{"line":20,"column":19},"end":{"line":20,"column":29}},"12":{"start":{"line":21,"column":21},"end":{"line":21,"column":64}},"13":{"start":{"line":22,"column":4},"end":{"line":22,"column":102}},"14":{"start":{"line":22,"column":19},"end":{"line":22,"column":102}},"15":{"start":{"line":23,"column":4},"end":{"line":23,"column":78}},"16":{"start":{"line":25,"column":4},"end":{"line":25,"column":105}},"17":{"start":{"line":29,"column":22},"end":{"line":38,"column":1}},"18":{"start":{"line":30,"column":2},"end":{"line":37,"column":3}},"19":{"start":{"line":31,"column":17},"end":{"line":31,"column":71}},"20":{"start":{"line":32,"column":21},"end":{"line":32,"column":77}},"21":{"start":{"line":33,"column":4},"end":{"line":33,"column":85}},"22":{"start":{"line":34,"column":4},"end":{"line":34,"column":88}},"23":{"start":{"line":36,"column":4},"end":{"line":36,"column":102}},"24":{"start":{"line":40,"column":22},"end":{"line":53,"column":1}},"25":{"start":{"line":41,"column":2},"end":{"line":52,"column":3}},"26":{"start":{"line":42,"column":19},"end":{"line":42,"column":29}},"27":{"start":{"line":43,"column":20},"end":{"line":43,"column":63}},"28":{"start":{"line":44,"column":4},"end":{"line":44,"column":101}},"29":{"start":{"line":44,"column":18},"end":{"line":44,"column":101}},"30":{"start":{"line":46,"column":4},"end":{"line":46,"column":57}},"31":{"start":{"line":47,"column":21},"end":{"line":47,"column":64}},"32":{"start":{"line":48,"column":4},"end":{"line":48,"column":94}},"33":{"start":{"line":49,"column":4},"end":{"line":49,"column":81}},"34":{"start":{"line":51,"column":4},"end":{"line":51,"column":107}},"35":{"start":{"line":55,"column":22},"end":{"line":72,"column":1}},"36":{"start":{"line":56,"column":2},"end":{"line":71,"column":3}},"37":{"start":{"line":57,"column":19},"end":{"line":57,"column":29}},"38":{"start":{"line":58,"column":20},"end":{"line":58,"column":63}},"39":{"start":{"line":59,"column":4},"end":{"line":59,"column":101}},"40":{"start":{"line":59,"column":18},"end":{"line":59,"column":101}},"41":{"start":{"line":61,"column":18},"end":{"line":61,"column":89}},"42":{"start":{"line":62,"column":4},"end":{"line":64,"column":5}},"43":{"start":{"line":63,"column":6},"end":{"line":63,"column":99}},"44":{"start":{"line":66,"column":4},"end":{"line":66,"column":46}},"45":{"start":{"line":67,"column":4},"end":{"line":67,"column":88}},"46":{"start":{"line":68,"column":4},"end":{"line":68,"column":75}},"47":{"start":{"line":70,"column":4},"end":{"line":70,"column":105}}},"fnMap":{"0":{"name":"(anonymous_0)","decl":{"start":{"line":4,"column":22},"end":{"line":4,"column":23}},"loc":{"start":{"line":4,"column":42},"end":{"line":16,"column":1}},"line":4},"1":{"name":"(anonymous_1)","decl":{"start":{"line":18,"column":23},"end":{"line":18,"column":24}},"loc":{"start":{"line":18,"column":43},"end":{"line":27,"column":1}},"line":18},"2":{"name":"(anonymous_2)","decl":{"start":{"line":29,"column":22},"end":{"line":29,"column":23}},"loc":{"start":{"line":29,"column":42},"end":{"line":38,"column":1}},"line":29},"3":{"name":"(anonymous_3)","decl":{"start":{"line":40,"column":22},"end":{"line":40,"column":23}},"loc":{"start":{"line":40,"column":42},"end":{"line":53,"column":1}},"line":40},"4":{"name":"(anonymous_4)","decl":{"start":{"line":55,"column":22},"end":{"line":55,"column":23}},"loc":{"start":{"line":55,"column":42},"end":{"line":72,"column":1}},"line":55}},"branchMap":{"0":{"loc":{"start":{"line":8,"column":4},"end":{"line":10,"column":5}},"type":"if","locations":[{"start":{"line":8,"column":4},"end":{"line":10,"column":5}},{"start":{},"end":{}}],"line":8},"1":{"loc":{"start":{"line":22,"column":4},"end":{"line":22,"column":102}},"type":"if","locations":[{"start":{"line":22,"column":4},"end":{"line":22,"column":102}},{"start":{},"end":{}}],"line":22},"2":{"loc":{"start":{"line":32,"column":55},"end":{"line":32,"column":66}},"type":"binary-expr","locations":[{"start":{"line":32,"column":55},"end":{"line":32,"column":60}},{"start":{"line":32,"column":64},"end":{"line":32,"column":66}}],"line":32},"3":{"loc":{"start":{"line":44,"column":4},"end":{"line":44,"column":101}},"type":"if","locations":[{"start":{"line":44,"column":4},"end":{"line":44,"column":101}},{"start":{},"end":{}}],"line":44},"4":{"loc":{"start":{"line":59,"column":4},"end":{"line":59,"column":101}},"type":"if","locations":[{"start":{"line":59,"column":4},"end":{"line":59,"column":101}},{"start":{},"end":{}}],"line":59},"5":{"loc":{"start":{"line":62,"column":4},"end":{"line":64,"column":5}},"type":"if","locations":[{"start":{"line":62,"column":4},"end":{"line":64,"column":5}},{"start":{},"end":{}}],"line":62}},"s":{"0":0,"1":0,"2":0,"3":0,"4":0,"5":0,"6":0,"7":0,"8":0,"9":0,"10":0,"11":0,"12":0,"13":0,"14":0,"15":0,"16":0,"17":0,"18":0,"19":0,"20":0,"21":0,"22":0,"23":0,"24":0,"25":0,"26":0,"27":0,"28":0,"29":0,"30":0,"31":0,"32":0,"33":0,"34":0,"35":0,"36":0,"37":0,"38":0,"39":0,"40":0,"41":0,"42":0,"43":0,"44":0,"45":0,"46":0,"47":0},"f":{"0":0,"1":0,"2":0,"3":0,"4":0},"b":{"0":[0,0],"1":[0,0],"2":[0,0],"3":[0,0],"4":[0,0],"5":[0,0]},"inputSourceMap":null}
,"C:\\Users\\HG123\\.gemini\\antigravity\\scratch\\sistema-electoral\\backend\\src\\controllers\\locales.controller.js": {"path":"C:\\Users\\HG123\\.gemini\\antigravity\\scratch\\sistema-electoral\\backend\\src\\controllers\\locales.controller.js","statementMap":{"0":{"start":{"line":4,"column":22},"end":{"line":19,"column":1}},"1":{"start":{"line":5,"column":2},"end":{"line":18,"column":3}},"2":{"start":{"line":6,"column":31},"end":{"line":6,"column":40}},"3":{"start":{"line":7,"column":16},"end":{"line":9,"column":65}},"4":{"start":{"line":11,"column":4},"end":{"line":11,"column":68}},"5":{"start":{"line":11,"column":11},"end":{"line":11,"column":68}},"6":{"start":{"line":12,"column":4},"end":{"line":12,"column":58}},"7":{"start":{"line":12,"column":21},"end":{"line":12,"column":58}},"8":{"start":{"line":14,"column":20},"end":{"line":14,"column":64}},"9":{"start":{"line":15,"column":4},"end":{"line":15,"column":76}},"10":{"start":{"line":17,"column":4},"end":{"line":17,"column":102}},"11":{"start":{"line":21,"column":23},"end":{"line":41,"column":1}},"12":{"start":{"line":22,"column":2},"end":{"line":40,"column":3}},"13":{"start":{"line":23,"column":19},"end":{"line":23,"column":29}},"14":{"start":{"line":24,"column":18},"end":{"line":27,"column":38}},"15":{"start":{"line":29,"column":4},"end":{"line":29,"column":96}},"16":{"start":{"line":29,"column":16},"end":{"line":29,"column":96}},"17":{"start":{"line":31,"column":24},"end":{"line":31,"column":90}},"18":{"start":{"line":32,"column":26},"end":{"line":35,"column":98}},"19":{"start":{"line":37,"column":4},"end":{"line":37,"column":132}},"20":{"start":{"line":39,"column":4},"end":{"line":39,"column":102}},"21":{"start":{"line":43,"column":22},"end":{"line":52,"column":1}},"22":{"start":{"line":44,"column":2},"end":{"line":51,"column":3}},"23":{"start":{"line":45,"column":17},"end":{"line":45,"column":69}},"24":{"start":{"line":46,"column":18},"end":{"line":46,"column":72}},"25":{"start":{"line":47,"column":4},"end":{"line":47,"column":80}},"26":{"start":{"line":48,"column":4},"end":{"line":48,"column":82}},"27":{"start":{"line":50,"column":4},"end":{"line":50,"column":99}},"28":{"start":{"line":54,"column":22},"end":{"line":67,"column":1}},"29":{"start":{"line":55,"column":2},"end":{"line":66,"column":3}},"30":{"start":{"line":56,"column":19},"end":{"line":56,"column":29}},"31":{"start":{"line":57,"column":20},"end":{"line":57,"column":61}},"32":{"start":{"line":58,"column":4},"end":{"line":58,"column":98}},"33":{"start":{"line":58,"column":18},"end":{"line":58,"column":98}},"34":{"start":{"line":60,"column":4},"end":{"line":60,"column":55}},"35":{"start":{"line":61,"column":18},"end":{"line":61,"column":59}},"36":{"start":{"line":62,"column":4},"end":{"line":62,"column":89}},"37":{"start":{"line":63,"column":4},"end":{"line":63,"column":75}},"38":{"start":{"line":65,"column":4},"end":{"line":65,"column":104}},"39":{"start":{"line":69,"column":22},"end":{"line":86,"column":1}},"40":{"start":{"line":70,"column":2},"end":{"line":85,"column":3}},"41":{"start":{"line":71,"column":19},"end":{"line":71,"column":29}},"42":{"start":{"line":72,"column":20},"end":{"line":72,"column":61}},"43":{"start":{"line":73,"column":4},"end":{"line":73,"column":98}},"44":{"start":{"line":73,"column":18},"end":{"line":73,"column":98}},"45":{"start":{"line":75,"column":18},"end":{"line":75,"column":84}},"46":{"start":{"line":76,"column":4},"end":{"line":78,"column":5}},"47":{"start":{"line":77,"column":6},"end":{"line":77,"column":94}},"48":{"start":{"line":80,"column":4},"end":{"line":80,"column":44}},"49":{"start":{"line":81,"column":4},"end":{"line":81,"column":86}},"50":{"start":{"line":82,"column":4},"end":{"line":82,"column":72}},"51":{"start":{"line":84,"column":4},"end":{"line":84,"column":102}}},"fnMap":{"0":{"name":"(anonymous_0)","decl":{"start":{"line":4,"column":22},"end":{"line":4,"column":23}},"loc":{"start":{"line":4,"column":42},"end":{"line":19,"column":1}},"line":4},"1":{"name":"(anonymous_1)","decl":{"start":{"line":21,"column":23},"end":{"line":21,"column":24}},"loc":{"start":{"line":21,"column":43},"end":{"line":41,"column":1}},"line":21},"2":{"name":"(anonymous_2)","decl":{"start":{"line":43,"column":22},"end":{"line":43,"column":23}},"loc":{"start":{"line":43,"column":42},"end":{"line":52,"column":1}},"line":43},"3":{"name":"(anonymous_3)","decl":{"start":{"line":54,"column":22},"end":{"line":54,"column":23}},"loc":{"start":{"line":54,"column":42},"end":{"line":67,"column":1}},"line":54},"4":{"name":"(anonymous_4)","decl":{"start":{"line":69,"column":22},"end":{"line":69,"column":23}},"loc":{"start":{"line":69,"column":42},"end":{"line":86,"column":1}},"line":69}},"branchMap":{"0":{"loc":{"start":{"line":11,"column":4},"end":{"line":11,"column":68}},"type":"if","locations":[{"start":{"line":11,"column":4},"end":{"line":11,"column":68}},{"start":{},"end":{}}],"line":11},"1":{"loc":{"start":{"line":12,"column":4},"end":{"line":12,"column":58}},"type":"if","locations":[{"start":{"line":12,"column":4},"end":{"line":12,"column":58}},{"start":{},"end":{}}],"line":12},"2":{"loc":{"start":{"line":29,"column":4},"end":{"line":29,"column":96}},"type":"if","locations":[{"start":{"line":29,"column":4},"end":{"line":29,"column":96}},{"start":{},"end":{}}],"line":29},"3":{"loc":{"start":{"line":46,"column":50},"end":{"line":46,"column":61}},"type":"binary-expr","locations":[{"start":{"line":46,"column":50},"end":{"line":46,"column":55}},{"start":{"line":46,"column":59},"end":{"line":46,"column":61}}],"line":46},"4":{"loc":{"start":{"line":58,"column":4},"end":{"line":58,"column":98}},"type":"if","locations":[{"start":{"line":58,"column":4},"end":{"line":58,"column":98}},{"start":{},"end":{}}],"line":58},"5":{"loc":{"start":{"line":73,"column":4},"end":{"line":73,"column":98}},"type":"if","locations":[{"start":{"line":73,"column":4},"end":{"line":73,"column":98}},{"start":{},"end":{}}],"line":73},"6":{"loc":{"start":{"line":76,"column":4},"end":{"line":78,"column":5}},"type":"if","locations":[{"start":{"line":76,"column":4},"end":{"line":78,"column":5}},{"start":{},"end":{}}],"line":76}},"s":{"0":0,"1":0,"2":0,"3":0,"4":0,"5":0,"6":0,"7":0,"8":0,"9":0,"10":0,"11":0,"12":0,"13":0,"14":0,"15":0,"16":0,"17":0,"18":0,"19":0,"20":0,"21":0,"22":0,"23":0,"24":0,"25":0,"26":0,"27":0,"28":0,"29":0,"30":0,"31":0,"32":0,"33":0,"34":0,"35":0,"36":0,"37":0,"38":0,"39":0,"40":0,"41":0,"42":0,"43":0,"44":0,"45":0,"46":0,"47":0,"48":0,"49":0,"50":0,"51":0},"f":{"0":0,"1":0,"2":0,"3":0,"4":0},"b":{"0":[0,0],"1":[0,0],"2":[0,0],"3":[0,0],"4":[0,0],"5":[0,0],"6":[0,0]},"inputSourceMap":null}
,"C:\\Users\\HG123\\.gemini\\antigravity\\scratch\\sistema-electoral\\backend\\src\\controllers\\mesas.controller.js": {"path":"C:\\Users\\HG123\\.gemini\\antigravity\\scratch\\sistema-electoral\\backend\\src\\controllers\\mesas.controller.js","statementMap":{"0":{"start":{"line":4,"column":22},"end":{"line":26,"column":1}},"1":{"start":{"line":5,"column":2},"end":{"line":25,"column":3}},"2":{"start":{"line":6,"column":68},"end":{"line":6,"column":77}},"3":{"start":{"line":7,"column":16},"end":{"line":10,"column":97}},"4":{"start":{"line":12,"column":4},"end":{"line":12,"column":66}},"5":{"start":{"line":12,"column":18},"end":{"line":12,"column":66}},"6":{"start":{"line":13,"column":4},"end":{"line":13,"column":77}},"7":{"start":{"line":13,"column":21},"end":{"line":13,"column":77}},"8":{"start":{"line":14,"column":4},"end":{"line":14,"column":60}},"9":{"start":{"line":14,"column":16},"end":{"line":14,"column":60}},"10":{"start":{"line":16,"column":23},"end":{"line":16,"column":78}},"11":{"start":{"line":17,"column":30},"end":{"line":20,"column":6}},"12":{"start":{"line":22,"column":4},"end":{"line":22,"column":157}},"13":{"start":{"line":24,"column":4},"end":{"line":24,"column":100}},"14":{"start":{"line":28,"column":23},"end":{"line":50,"column":1}},"15":{"start":{"line":29,"column":2},"end":{"line":49,"column":3}},"16":{"start":{"line":30,"column":19},"end":{"line":30,"column":29}},"17":{"start":{"line":31,"column":17},"end":{"line":35,"column":36}},"18":{"start":{"line":37,"column":4},"end":{"line":37,"column":94}},"19":{"start":{"line":37,"column":15},"end":{"line":37,"column":94}},"20":{"start":{"line":39,"column":22},"end":{"line":42,"column":99}},"21":{"start":{"line":44,"column":22},"end":{"line":44,"column":110}},"22":{"start":{"line":46,"column":4},"end":{"line":46,"column":99}},"23":{"start":{"line":48,"column":4},"end":{"line":48,"column":101}},"24":{"start":{"line":52,"column":22},"end":{"line":66,"column":1}},"25":{"start":{"line":53,"column":2},"end":{"line":65,"column":3}},"26":{"start":{"line":54,"column":4},"end":{"line":62,"column":7}},"27":{"start":{"line":55,"column":19},"end":{"line":55,"column":70}},"28":{"start":{"line":56,"column":19},"end":{"line":56,"column":72}},"29":{"start":{"line":58,"column":6},"end":{"line":58,"column":88}},"30":{"start":{"line":60,"column":6},"end":{"line":60,"column":90}},"31":{"start":{"line":61,"column":6},"end":{"line":61,"column":82}},"32":{"start":{"line":64,"column":4},"end":{"line":64,"column":98}},"33":{"start":{"line":68,"column":22},"end":{"line":89,"column":1}},"34":{"start":{"line":69,"column":2},"end":{"line":88,"column":3}},"35":{"start":{"line":70,"column":19},"end":{"line":70,"column":29}},"36":{"start":{"line":71,"column":4},"end":{"line":85,"column":7}},"37":{"start":{"line":72,"column":22},"end":{"line":72,"column":62}},"38":{"start":{"line":73,"column":6},"end":{"line":73,"column":99}},"39":{"start":{"line":73,"column":20},"end":{"line":73,"column":99}},"40":{"start":{"line":75,"column":6},"end":{"line":75,"column":56}},"41":{"start":{"line":76,"column":19},"end":{"line":76,"column":59}},"42":{"start":{"line":78,"column":6},"end":{"line":81,"column":7}},"43":{"start":{"line":79,"column":8},"end":{"line":79,"column":89}},"44":{"start":{"line":80,"column":8},"end":{"line":80,"column":90}},"45":{"start":{"line":83,"column":6},"end":{"line":83,"column":93}},"46":{"start":{"line":84,"column":6},"end":{"line":84,"column":75}},"47":{"start":{"line":87,"column":4},"end":{"line":87,"column":103}},"48":{"start":{"line":91,"column":22},"end":{"line":112,"column":1}},"49":{"start":{"line":92,"column":2},"end":{"line":111,"column":3}},"50":{"start":{"line":93,"column":19},"end":{"line":93,"column":29}},"51":{"start":{"line":94,"column":4},"end":{"line":108,"column":7}},"52":{"start":{"line":95,"column":22},"end":{"line":95,"column":62}},"53":{"start":{"line":96,"column":6},"end":{"line":96,"column":99}},"54":{"start":{"line":96,"column":20},"end":{"line":96,"column":99}},"55":{"start":{"line":98,"column":20},"end":{"line":98,"column":96}},"56":{"start":{"line":99,"column":6},"end":{"line":101,"column":7}},"57":{"start":{"line":100,"column":8},"end":{"line":100,"column":100}},"58":{"start":{"line":103,"column":6},"end":{"line":103,"column":45}},"59":{"start":{"line":104,"column":6},"end":{"line":104,"column":87}},"60":{"start":{"line":106,"column":6},"end":{"line":106,"column":91}},"61":{"start":{"line":107,"column":6},"end":{"line":107,"column":73}},"62":{"start":{"line":110,"column":4},"end":{"line":110,"column":101}}},"fnMap":{"0":{"name":"(anonymous_0)","decl":{"start":{"line":4,"column":22},"end":{"line":4,"column":23}},"loc":{"start":{"line":4,"column":42},"end":{"line":26,"column":1}},"line":4},"1":{"name":"(anonymous_1)","decl":{"start":{"line":28,"column":23},"end":{"line":28,"column":24}},"loc":{"start":{"line":28,"column":43},"end":{"line":50,"column":1}},"line":28},"2":{"name":"(anonymous_2)","decl":{"start":{"line":52,"column":22},"end":{"line":52,"column":23}},"loc":{"start":{"line":52,"column":42},"end":{"line":66,"column":1}},"line":52},"3":{"name":"(anonymous_3)","decl":{"start":{"line":54,"column":25},"end":{"line":54,"column":26}},"loc":{"start":{"line":54,"column":38},"end":{"line":62,"column":5}},"line":54},"4":{"name":"(anonymous_4)","decl":{"start":{"line":68,"column":22},"end":{"line":68,"column":23}},"loc":{"start":{"line":68,"column":42},"end":{"line":89,"column":1}},"line":68},"5":{"name":"(anonymous_5)","decl":{"start":{"line":71,"column":25},"end":{"line":71,"column":26}},"loc":{"start":{"line":71,"column":38},"end":{"line":85,"column":5}},"line":71},"6":{"name":"(anonymous_6)","decl":{"start":{"line":91,"column":22},"end":{"line":91,"column":23}},"loc":{"start":{"line":91,"column":42},"end":{"line":112,"column":1}},"line":91},"7":{"name":"(anonymous_7)","decl":{"start":{"line":94,"column":25},"end":{"line":94,"column":26}},"loc":{"start":{"line":94,"column":38},"end":{"line":108,"column":5}},"line":94}},"branchMap":{"0":{"loc":{"start":{"line":6,"column":43},"end":{"line":6,"column":51}},"type":"default-arg","locations":[{"start":{"line":6,"column":50},"end":{"line":6,"column":51}}],"line":6},"1":{"loc":{"start":{"line":6,"column":53},"end":{"line":6,"column":63}},"type":"default-arg","locations":[{"start":{"line":6,"column":61},"end":{"line":6,"column":63}}],"line":6},"2":{"loc":{"start":{"line":12,"column":4},"end":{"line":12,"column":66}},"type":"if","locations":[{"start":{"line":12,"column":4},"end":{"line":12,"column":66}},{"start":{},"end":{}}],"line":12},"3":{"loc":{"start":{"line":13,"column":4},"end":{"line":13,"column":77}},"type":"if","locations":[{"start":{"line":13,"column":4},"end":{"line":13,"column":77}},{"start":{},"end":{}}],"line":13},"4":{"loc":{"start":{"line":14,"column":4},"end":{"line":14,"column":60}},"type":"if","locations":[{"start":{"line":14,"column":4},"end":{"line":14,"column":60}},{"start":{},"end":{}}],"line":14},"5":{"loc":{"start":{"line":37,"column":4},"end":{"line":37,"column":94}},"type":"if","locations":[{"start":{"line":37,"column":4},"end":{"line":37,"column":94}},{"start":{},"end":{}}],"line":37},"6":{"loc":{"start":{"line":56,"column":50},"end":{"line":56,"column":61}},"type":"binary-expr","locations":[{"start":{"line":56,"column":50},"end":{"line":56,"column":55}},{"start":{"line":56,"column":59},"end":{"line":56,"column":61}}],"line":56},"7":{"loc":{"start":{"line":73,"column":6},"end":{"line":73,"column":99}},"type":"if","locations":[{"start":{"line":73,"column":6},"end":{"line":73,"column":99}},{"start":{},"end":{}}],"line":73},"8":{"loc":{"start":{"line":78,"column":6},"end":{"line":81,"column":7}},"type":"if","locations":[{"start":{"line":78,"column":6},"end":{"line":81,"column":7}},{"start":{},"end":{}}],"line":78},"9":{"loc":{"start":{"line":78,"column":10},"end":{"line":78,"column":69}},"type":"binary-expr","locations":[{"start":{"line":78,"column":10},"end":{"line":78,"column":27}},{"start":{"line":78,"column":31},"end":{"line":78,"column":69}}],"line":78},"10":{"loc":{"start":{"line":96,"column":6},"end":{"line":96,"column":99}},"type":"if","locations":[{"start":{"line":96,"column":6},"end":{"line":96,"column":99}},{"start":{},"end":{}}],"line":96},"11":{"loc":{"start":{"line":99,"column":6},"end":{"line":101,"column":7}},"type":"if","locations":[{"start":{"line":99,"column":6},"end":{"line":101,"column":7}},{"start":{},"end":{}}],"line":99}},"s":{"0":0,"1":0,"2":0,"3":0,"4":0,"5":0,"6":0,"7":0,"8":0,"9":0,"10":0,"11":0,"12":0,"13":0,"14":0,"15":0,"16":0,"17":0,"18":0,"19":0,"20":0,"21":0,"22":0,"23":0,"24":0,"25":0,"26":0,"27":0,"28":0,"29":0,"30":0,"31":0,"32":0,"33":0,"34":0,"35":0,"36":0,"37":0,"38":0,"39":0,"40":0,"41":0,"42":0,"43":0,"44":0,"45":0,"46":0,"47":0,"48":0,"49":0,"50":0,"51":0,"52":0,"53":0,"54":0,"55":0,"56":0,"57":0,"58":0,"59":0,"60":0,"61":0,"62":0},"f":{"0":0,"1":0,"2":0,"3":0,"4":0,"5":0,"6":0,"7":0},"b":{"0":[0],"1":[0],"2":[0,0],"3":[0,0],"4":[0,0],"5":[0,0],"6":[0,0],"7":[0,0],"8":[0,0],"9":[0,0],"10":[0,0],"11":[0,0]},"inputSourceMap":null}
,"C:\\Users\\HG123\\.gemini\\antigravity\\scratch\\sistema-electoral\\backend\\src\\controllers\\resultados.controller.js": {"path":"C:\\Users\\HG123\\.gemini\\antigravity\\scratch\\sistema-electoral\\backend\\src\\controllers\\resultados.controller.js","statementMap":{"0":{"start":{"line":6,"column":30},"end":{"line":84,"column":1}},"1":{"start":{"line":7,"column":2},"end":{"line":83,"column":3}},"2":{"start":{"line":8,"column":124},"end":{"line":8,"column":132}},"3":{"start":{"line":10,"column":4},"end":{"line":80,"column":7}},"4":{"start":{"line":11,"column":25},"end":{"line":11,"column":125}},"5":{"start":{"line":12,"column":6},"end":{"line":12,"column":107}},"6":{"start":{"line":12,"column":23},"end":{"line":12,"column":107}},"7":{"start":{"line":14,"column":19},"end":{"line":14,"column":68}},"8":{"start":{"line":15,"column":6},"end":{"line":17,"column":7}},"9":{"start":{"line":16,"column":8},"end":{"line":16,"column":98}},"10":{"start":{"line":19,"column":20},"end":{"line":19,"column":21}},"11":{"start":{"line":20,"column":24},"end":{"line":20,"column":28}},"12":{"start":{"line":21,"column":6},"end":{"line":24,"column":7}},"13":{"start":{"line":22,"column":8},"end":{"line":22,"column":78}},"14":{"start":{"line":23,"column":8},"end":{"line":23,"column":59}},"15":{"start":{"line":23,"column":25},"end":{"line":23,"column":59}},"16":{"start":{"line":26,"column":21},"end":{"line":26,"column":47}},"17":{"start":{"line":27,"column":6},"end":{"line":29,"column":7}},"18":{"start":{"line":28,"column":8},"end":{"line":28,"column":101}},"19":{"start":{"line":31,"column":26},"end":{"line":31,"column":79}},"20":{"start":{"line":32,"column":33},"end":{"line":32,"column":95}},"21":{"start":{"line":32,"column":67},"end":{"line":32,"column":91}},"22":{"start":{"line":33,"column":35},"end":{"line":33,"column":124}},"23":{"start":{"line":35,"column":6},"end":{"line":37,"column":7}},"24":{"start":{"line":36,"column":8},"end":{"line":36,"column":92}},"25":{"start":{"line":39,"column":25},"end":{"line":50,"column":7}},"26":{"start":{"line":53,"column":6},"end":{"line":60,"column":7}},"27":{"start":{"line":54,"column":8},"end":{"line":54,"column":86}},"28":{"start":{"line":55,"column":8},"end":{"line":55,"column":34}},"29":{"start":{"line":56,"column":8},"end":{"line":56,"column":80}},"30":{"start":{"line":58,"column":24},"end":{"line":58,"column":87}},"31":{"start":{"line":59,"column":8},"end":{"line":59,"column":37}},"32":{"start":{"line":62,"column":29},"end":{"line":66,"column":9}},"33":{"start":{"line":62,"column":51},"end":{"line":66,"column":7}},"34":{"start":{"line":67,"column":6},"end":{"line":69,"column":7}},"35":{"start":{"line":68,"column":8},"end":{"line":68,"column":63}},"36":{"start":{"line":71,"column":6},"end":{"line":71,"column":80}},"37":{"start":{"line":73,"column":28},"end":{"line":73,"column":85}},"38":{"start":{"line":74,"column":6},"end":{"line":74,"column":141}},"39":{"start":{"line":76,"column":6},"end":{"line":76,"column":92}},"40":{"start":{"line":77,"column":6},"end":{"line":77,"column":75}},"41":{"start":{"line":79,"column":6},"end":{"line":79,"column":96}},"42":{"start":{"line":82,"column":4},"end":{"line":82,"column":104}},"43":{"start":{"line":86,"column":33},"end":{"line":92,"column":1}},"44":{"start":{"line":89,"column":2},"end":{"line":89,"column":97}},"45":{"start":{"line":90,"column":2},"end":{"line":90,"column":109}},"46":{"start":{"line":90,"column":25},"end":{"line":90,"column":109}},"47":{"start":{"line":91,"column":2},"end":{"line":91,"column":34}},"48":{"start":{"line":94,"column":34},"end":{"line":125,"column":1}},"49":{"start":{"line":95,"column":2},"end":{"line":124,"column":3}},"50":{"start":{"line":96,"column":19},"end":{"line":96,"column":29}},"51":{"start":{"line":97,"column":4},"end":{"line":121,"column":7}},"52":{"start":{"line":98,"column":24},"end":{"line":98,"column":74}},"53":{"start":{"line":99,"column":6},"end":{"line":99,"column":106}},"54":{"start":{"line":99,"column":22},"end":{"line":99,"column":106}},"55":{"start":{"line":101,"column":19},"end":{"line":101,"column":78}},"56":{"start":{"line":102,"column":19},"end":{"line":102,"column":138}},"57":{"start":{"line":103,"column":6},"end":{"line":103,"column":91}},"58":{"start":{"line":103,"column":17},"end":{"line":103,"column":91}},"59":{"start":{"line":105,"column":6},"end":{"line":105,"column":144}},"60":{"start":{"line":105,"column":44},"end":{"line":105,"column":144}},"61":{"start":{"line":107,"column":6},"end":{"line":111,"column":9}},"62":{"start":{"line":112,"column":6},"end":{"line":112,"column":81}},"63":{"start":{"line":114,"column":6},"end":{"line":114,"column":125}},"64":{"start":{"line":116,"column":6},"end":{"line":116,"column":64}},"65":{"start":{"line":117,"column":24},"end":{"line":117,"column":108}},"66":{"start":{"line":118,"column":6},"end":{"line":118,"column":105}},"67":{"start":{"line":118,"column":21},"end":{"line":118,"column":105}},"68":{"start":{"line":120,"column":6},"end":{"line":120,"column":67}},"69":{"start":{"line":123,"column":4},"end":{"line":123,"column":97}},"70":{"start":{"line":127,"column":33},"end":{"line":159,"column":1}},"71":{"start":{"line":128,"column":2},"end":{"line":158,"column":3}},"72":{"start":{"line":129,"column":19},"end":{"line":129,"column":29}},"73":{"start":{"line":130,"column":42},"end":{"line":130,"column":50}},"74":{"start":{"line":132,"column":4},"end":{"line":155,"column":7}},"75":{"start":{"line":133,"column":24},"end":{"line":133,"column":74}},"76":{"start":{"line":134,"column":6},"end":{"line":134,"column":106}},"77":{"start":{"line":134,"column":22},"end":{"line":134,"column":106}},"78":{"start":{"line":136,"column":19},"end":{"line":136,"column":78}},"79":{"start":{"line":137,"column":19},"end":{"line":137,"column":138}},"80":{"start":{"line":138,"column":6},"end":{"line":138,"column":91}},"81":{"start":{"line":138,"column":17},"end":{"line":138,"column":91}},"82":{"start":{"line":140,"column":6},"end":{"line":140,"column":144}},"83":{"start":{"line":140,"column":44},"end":{"line":140,"column":144}},"84":{"start":{"line":142,"column":6},"end":{"line":145,"column":9}},"85":{"start":{"line":146,"column":6},"end":{"line":146,"column":80}},"86":{"start":{"line":148,"column":6},"end":{"line":148,"column":124}},"87":{"start":{"line":150,"column":6},"end":{"line":150,"column":63}},"88":{"start":{"line":151,"column":24},"end":{"line":151,"column":108}},"89":{"start":{"line":152,"column":6},"end":{"line":152,"column":139}},"90":{"start":{"line":152,"column":21},"end":{"line":152,"column":139}},"91":{"start":{"line":154,"column":6},"end":{"line":154,"column":66}},"92":{"start":{"line":157,"column":4},"end":{"line":157,"column":96}},"93":{"start":{"line":161,"column":37},"end":{"line":174,"column":1}},"94":{"start":{"line":162,"column":2},"end":{"line":173,"column":3}},"95":{"start":{"line":163,"column":24},"end":{"line":163,"column":34}},"96":{"start":{"line":164,"column":17},"end":{"line":164,"column":129}},"97":{"start":{"line":165,"column":4},"end":{"line":165,"column":117}},"98":{"start":{"line":165,"column":43},"end":{"line":165,"column":117}},"99":{"start":{"line":167,"column":18},"end":{"line":167,"column":64}},"100":{"start":{"line":168,"column":23},"end":{"line":168,"column":91}},"101":{"start":{"line":168,"column":85},"end":{"line":168,"column":89}},"102":{"start":{"line":170,"column":4},"end":{"line":170,"column":82}},"103":{"start":{"line":172,"column":4},"end":{"line":172,"column":107}},"104":{"start":{"line":176,"column":35},"end":{"line":195,"column":1}},"105":{"start":{"line":177,"column":2},"end":{"line":194,"column":3}},"106":{"start":{"line":178,"column":19},"end":{"line":178,"column":29}},"107":{"start":{"line":179,"column":22},"end":{"line":179,"column":71}},"108":{"start":{"line":180,"column":4},"end":{"line":180,"column":94}},"109":{"start":{"line":180,"column":20},"end":{"line":180,"column":94}},"110":{"start":{"line":182,"column":21},"end":{"line":185,"column":34}},"111":{"start":{"line":187,"column":4},"end":{"line":189,"column":5}},"112":{"start":{"line":188,"column":6},"end":{"line":188,"column":84}},"113":{"start":{"line":191,"column":4},"end":{"line":191,"column":95}},"114":{"start":{"line":193,"column":4},"end":{"line":193,"column":104}},"115":{"start":{"line":197,"column":25},"end":{"line":210,"column":1}},"116":{"start":{"line":198,"column":2},"end":{"line":209,"column":3}},"117":{"start":{"line":199,"column":17},"end":{"line":199,"column":107}},"118":{"start":{"line":200,"column":4},"end":{"line":200,"column":98}},"119":{"start":{"line":200,"column":15},"end":{"line":200,"column":98}},"120":{"start":{"line":202,"column":17},"end":{"line":202,"column":70}},"121":{"start":{"line":203,"column":18},"end":{"line":203,"column":74}},"122":{"start":{"line":204,"column":22},"end":{"line":204,"column":115}},"123":{"start":{"line":206,"column":4},"end":{"line":206,"column":92}},"124":{"start":{"line":208,"column":4},"end":{"line":208,"column":85}},"125":{"start":{"line":212,"column":29},"end":{"line":214,"column":1}},"126":{"start":{"line":213,"column":2},"end":{"line":213,"column":77}}},"fnMap":{"0":{"name":"(anonymous_0)","decl":{"start":{"line":6,"column":30},"end":{"line":6,"column":31}},"loc":{"start":{"line":6,"column":50},"end":{"line":84,"column":1}},"line":6},"1":{"name":"(anonymous_1)","decl":{"start":{"line":10,"column":25},"end":{"line":10,"column":26}},"loc":{"start":{"line":10,"column":38},"end":{"line":80,"column":5}},"line":10},"2":{"name":"(anonymous_2)","decl":{"start":{"line":32,"column":52},"end":{"line":32,"column":53}},"loc":{"start":{"line":32,"column":67},"end":{"line":32,"column":91}},"line":32},"3":{"name":"(anonymous_3)","decl":{"start":{"line":62,"column":45},"end":{"line":62,"column":46}},"loc":{"start":{"line":62,"column":51},"end":{"line":66,"column":7}},"line":62},"4":{"name":"(anonymous_4)","decl":{"start":{"line":86,"column":33},"end":{"line":86,"column":34}},"loc":{"start":{"line":86,"column":53},"end":{"line":92,"column":1}},"line":86},"5":{"name":"(anonymous_5)","decl":{"start":{"line":94,"column":34},"end":{"line":94,"column":35}},"loc":{"start":{"line":94,"column":54},"end":{"line":125,"column":1}},"line":94},"6":{"name":"(anonymous_6)","decl":{"start":{"line":97,"column":25},"end":{"line":97,"column":26}},"loc":{"start":{"line":97,"column":38},"end":{"line":121,"column":5}},"line":97},"7":{"name":"(anonymous_7)","decl":{"start":{"line":127,"column":33},"end":{"line":127,"column":34}},"loc":{"start":{"line":127,"column":53},"end":{"line":159,"column":1}},"line":127},"8":{"name":"(anonymous_8)","decl":{"start":{"line":132,"column":25},"end":{"line":132,"column":26}},"loc":{"start":{"line":132,"column":38},"end":{"line":155,"column":5}},"line":132},"9":{"name":"(anonymous_9)","decl":{"start":{"line":161,"column":37},"end":{"line":161,"column":38}},"loc":{"start":{"line":161,"column":57},"end":{"line":174,"column":1}},"line":161},"10":{"name":"(anonymous_10)","decl":{"start":{"line":168,"column":80},"end":{"line":168,"column":81}},"loc":{"start":{"line":168,"column":85},"end":{"line":168,"column":89}},"line
[...]
,"C:\\Users\\HG123\\.gemini\\antigravity\\scratch\\sistema-electoral\\backend\\src\\routes\\usuarios.routes.js": {"path":"C:\\Users\\HG123\\.gemini\\antigravity\\scratch\\sistema-electoral\\backend\\src\\routes\\usuarios.routes.js","statementMap":{"0":{"start":{"line":7,"column":15},"end":{"line":7,"column":23}},"1":{"start":{"line":9,"column":0},"end":{"line":9,"column":52}},"2":{"start":{"line":11,"column":0},"end":{"line":11,"column":24}},"3":{"start":{"line":12,"column":0},"end":{"line":12,"column":28}},"4":{"start":{"line":13,"column":0},"end":{"line":13,"column":56}},"5":{"start":{"line":14,"column":0},"end":{"line":14,"column":58}},"6":{"start":{"line":15,"column":0},"end":{"line":15,"column":49}}},"fnMap":{},"branchMap":{},"s":{"0":0,"1":0,"2":0,"3":0,"4":0,"5":0,"6":0},"f":{},"b":{},"inputSourceMap":null}
,"C:\\Users\\HG123\\.gemini\\antigravity\\scratch\\sistema-electoral\\backend\\src\\services\\auditoria.service.js": {"path":"C:\\Users\\HG123\\.gemini\\antigravity\\scratch\\sistema-electoral\\backend\\src\\services\\auditoria.service.js","statementMap":{"0":{"start":{"line":3,"column":34},"end":{"line":32,"column":1}},"1":{"start":{"line":15,"column":2},"end":{"line":31,"column":3}},"2":{"start":{"line":16,"column":4},"end":{"line":27,"column":7}},"3":{"start":{"line":29,"column":4},"end":{"line":29,"column":57}}},"fnMap":{"0":{"name":"(anonymous_0)","decl":{"start":{"line":3,"column":34},"end":{"line":3,"column":35}},"loc":{"start":{"line":14,"column":6},"end":{"line":32,"column":1}},"line":14}},"branchMap":{"0":{"loc":{"start":{"line":7,"column":2},"end":{"line":7,"column":24}},"type":"default-arg","locations":[{"start":{"line":7,"column":20},"end":{"line":7,"column":24}}],"line":7},"1":{"loc":{"start":{"line":8,"column":2},"end":{"line":8,"column":20}},"type":"default-arg","locations":[{"start":{"line":8,"column":16},"end":{"line":8,"column":20}}],"line":8},"2":{"loc":{"start":{"line":9,"column":2},"end":{"line":9,"column":18}},"type":"default-arg","locations":[{"start":{"line":9,"column":14},"end":{"line":9,"column":18}}],"line":9},"3":{"loc":{"start":{"line":10,"column":2},"end":{"line":10,"column":11}},"type":"default-arg","locations":[{"start":{"line":10,"column":7},"end":{"line":10,"column":11}}],"line":10},"4":{"loc":{"start":{"line":11,"column":2},"end":{"line":11,"column":18}},"type":"default-arg","locations":[{"start":{"line":11,"column":14},"end":{"line":11,"column":18}}],"line":11},"5":{"loc":{"start":{"line":12,"column":2},"end":{"line":12,"column":12}},"type":"default-arg","locations":[{"start":{"line":12,"column":8},"end":{"line":12,"column":12}}],"line":12},"6":{"loc":{"start":{"line":13,"column":2},"end":{"line":13,"column":12}},"type":"default-arg","locations":[{"start":{"line":13,"column":8},"end":{"line":13,"column":12}}],"line":13},"7":{"loc":{"start":{"line":20,"column":24},"end":{"line":20,"column":80}},"type":"cond-expr","locations":[{"start":{"line":20,"column":42},"end":{"line":20,"column":73}},{"start":{"line":20,"column":76},"end":{"line":20,"column":80}}],"line":20},"8":{"loc":{"start":{"line":21,"column":20},"end":{"line":21,"column":68}},"type":"cond-expr","locations":[{"start":{"line":21,"column":34},"end":{"line":21,"column":61}},{"start":{"line":21,"column":64},"end":{"line":21,"column":68}}],"line":21}},"s":{"0":1,"1":3,"2":3,"3":1},"f":{"0":3},"b":{"0":[2],"1":[2],"2":[2],"3":[2],"4":[2],"5":[2],"6":[2],"7":[1,2],"8":[1,2]},"inputSourceMap":null,"_coverageSchema":"1a1c01bbd47fc00a2c39e90264f33305004495a9","hash":"15fa9f9ffb8a7aee05d9a0939d1286befb4749d5"}
,"C:\\Users\\HG123\\.gemini\\antigravity\\scratch\\sistema-electoral\\backend\\src\\services\\storage.service.js": {"path":"C:\\Users\\HG123\\.gemini\\antigravity\\scratch\\sistema-electoral\\backend\\src\\services\\storage.service.js","statementMap":{"0":{"start":{"line":12,"column":2},"end":{"line":14,"column":3}},"1":{"start":{"line":13,"column":4},"end":{"line":13,"column":100}},"2":{"start":{"line":16,"column":14},"end":{"line":16,"column":54}},"3":{"start":{"line":17,"column":19},"end":{"line":17,"column":39}},"4":{"start":{"line":18,"column":19},"end":{"line":18,"column":52}},"5":{"start":{"line":20,"column":26},"end":{"line":25,"column":6}},"6":{"start":{"line":27,"column":2},"end":{"line":29,"column":3}},"7":{"start":{"line":28,"column":4},"end":{"line":28,"column":63}},"8":{"start":{"line":31,"column":2},"end":{"line":31,"column":18}},"9":{"start":{"line":40,"column":2},"end":{"line":40,"column":42}},"10":{"start":{"line":40,"column":30},"end":{"line":40,"column":42}},"11":{"start":{"line":42,"column":26},"end":{"line":44,"column":36}},"12":{"start":{"line":46,"column":2},"end":{"line":49,"column":3}},"13":{"start":{"line":47,"column":4},"end":{"line":47,"column":62}},"14":{"start":{"line":48,"column":4},"end":{"line":48,"column":16}},"15":{"start":{"line":51,"column":2},"end":{"line":51,"column":24}},"16":{"start":{"line":59,"column":2},"end":{"line":59,"column":37}},"17":{"start":{"line":59,"column":30},"end":{"line":59,"column":37}},"18":{"start":{"line":61,"column":20},"end":{"line":63,"column":23}},"19":{"start":{"line":65,"column":2},"end":{"line":67,"column":3}},"20":{"start":{"line":66,"column":4},"end":{"line":66,"column":58}}},"fnMap":{"0":{"name":"uploadActaImage","decl":{"start":{"line":11,"column":22},"end":{"line":11,"column":37}},"loc":{"start":{"line":11,"column":72},"end":{"line":32,"column":1}},"line":11},"1":{"name":"getActaUrl","decl":{"start":{"line":39,"column":22},"end":{"line":39,"column":32}},"loc":{"start":{"line":39,"column":43},"end":{"line":52,"column":1}},"line":39},"2":{"name":"deleteActaImage","decl":{"start":{"line":58,"column":22},"end":{"line":58,"column":37}},"loc":{"start":{"line":58,"column":48},"end":{"line":68,"column":1}},"line":58}},"branchMap":{"0":{"loc":{"start":{"line":12,"column":2},"end":{"line":14,"column":3}},"type":"if","locations":[{"start":{"line":12,"column":2},"end":{"line":14,"column":3}},{"start":{},"end":{}}],"line":12},"1":{"loc":{"start":{"line":16,"column":14},"end":{"line":16,"column":54}},"type":"cond-expr","locations":[{"start":{"line":16,"column":41},"end":{"line":16,"column":46}},{"start":{"line":16,"column":49},"end":{"line":16,"column":54}}],"line":16},"2":{"loc":{"start":{"line":27,"column":2},"end":{"line":29,"column":3}},"type":"if","locations":[{"start":{"line":27,"column":2},"end":{"line":29,"column":3}},{"start":{},"end":{}}],"line":27},"3":{"loc":{"start":{"line":40,"column":2},"end":{"line":40,"column":42}},"type":"if","locations":[{"start":{"line":40,"column":2},"end":{"line":40,"column":42}},{"start":{},"end":{}}],"line":40},"4":{"loc":{"start":{"line":40,"column":6},"end":{"line":40,"column":28}},"type":"binary-expr","locations":[{"start":{"line":40,"column":6},"end":{"line":40,"column":15}},{"start":{"line":40,"column":19},"end":{"line":40,"column":28}}],"line":40},"5":{"loc":{"start":{"line":46,"column":2},"end":{"line":49,"column":3}},"type":"if","locations":[{"start":{"line":46,"column":2},"end":{"line":49,"column":3}},{"start":{},"end":{}}],"line":46},"6":{"loc":{"start":{"line":59,"column":2},"end":{"line":59,"column":37}},"type":"if","locations":[{"start":{"line":59,"column":2},"end":{"line":59,"column":37}},{"start":{},"end":{}}],"line":59},"7":{"loc":{"start":{"line":59,"column":6},"end":{"line":59,"column":28}},"type":"binary-expr","locations":[{"start":{"line":59,"column":6},"end":{"line":59,"column":15}},{"start":{"line":59,"column":19},"end":{"line":59,"column":28}}],"line":59},"8":{"loc":{"start":{"line":65,"column":2},"end":{"line":67,"column":3}},"type":"if","locations":[{"start":{"line":65,"column":2},"end":{"line":67,"column":3}},{"start":{},"end":{}}],"line":65}},"s":{"0":3,"1":0,"2":3,"3":3,"4":3,"5":3,"6":3,"7":1,"8":2,"9":3,"10":1,"11":2,"12":2,"13":1,"14":1,"15":1,"16":3,"17":1,"18":2,"19":2,"20":1},"f":{"0":3,"1":3,"2":3},"b":{"0":[0,3],"1":[2,1],"2":[1,2],"3":[1,2],"4":[3,3],"5":[1,1],"6":[1,2],"7":[3,3],"8":[1,1]},"inputSourceMap":null,"_coverageSchema":"1a1c01bbd47fc00a2c39e90264f33305004495a9","hash":"0517fffda1ee0509ca227b980c51b6b878db1bbb"}
,"C:\\Users\\HG123\\.gemini\\antigravity\\scratch\\sistema-electoral\\backend\\src\\services\\websocket.service.js": {"path":"C:\\Users\\HG123\\.gemini\\antigravity\\scratch\\sistema-electoral\\backend\\src\\services\\websocket.service.js","statementMap":{"0":{"start":{"line":7,"column":30},"end":{"line":57,"column":1}},"1":{"start":{"line":8,"column":2},"end":{"line":13,"column":5}},"2":{"start":{"line":15,"column":2},"end":{"line":28,"column":5}},"3":{"start":{"line":16,"column":18},"end":{"line":16,"column":90}},"4":{"start":{"line":17,"column":4},"end":{"line":19,"column":5}},"5":{"start":{"line":18,"column":6},"end":{"line":18,"column":53}},"6":{"start":{"line":21,"column":4},"end":{"line":27,"column":5}},"7":{"start":{"line":22,"column":22},"end":{"line":22,"column":81}},"8":{"start":{"line":23,"column":6},"end":{"line":23,"column":28}},"9":{"start":{"line":24,"column":6},"end":{"line":24,"column":13}},"10":{"start":{"line":26,"column":6},"end":{"line":26,"column":46}},"11":{"start":{"line":30,"column":2},"end":{"line":54,"column":5}},"12":{"start":{"line":31,"column":4},"end":{"line":31,"column":64}},"13":{"start":{"line":32,"column":24},"end":{"line":32,"column":35}},"14":{"start":{"line":35,"column":4},"end":{"line":43,"column":5}},"15":{"start":{"line":36,"column":6},"end":{"line":36,"column":37}},"16":{"start":{"line":37,"column":11},"end":{"line":43,"column":5}},"17":{"start":{"line":41,"column":11},"end":{"line":43,"column":5}},"18":{"start":{"line":42,"column":6},"end":{"line":42,"column":37}},"19":{"start":{"line":45,"column":4},"end":{"line":49,"column":7}},"20":{"start":{"line":46,"column":6},"end":{"line":48,"column":7}},"21":{"start":{"line":47,"column":8},"end":{"line":47,"column":46}},"22":{"start":{"line":51,"column":4},"end":{"line":53,"column":7}},"23":{"start":{"line":52,"column":6},"end":{"line":52,"column":46}},"24":{"start":{"line":56,"column":2},"end":{"line":56,"column":12}},"25":{"start":{"line":59,"column":33},"end":{"line":63,"column":1}},"26":{"start":{"line":60,"column":2},"end":{"line":62,"column":3}},"27":{"start":{"line":61,"column":4},"end":{"line":61,"column":54}},"28":{"start":{"line":65,"column":27},"end":{"line":69,"column":1}},"29":{"start":{"line":66,"column":2},"end":{"line":68,"column":3}},"30":{"start":{"line":67,"column":4},"end":{"line":67,"column":47}},"31":{"start":{"line":71,"column":31},"end":{"line":75,"column":1}},"32":{"start":{"line":72,"column":2},"end":{"line":74,"column":3}},"33":{"start":{"line":73,"column":4},"end":{"line":73,"column":51}},"34":{"start":{"line":77,"column":21},"end":{"line":77,"column":29}},"35":{"start":{"line":77,"column":27},"end":{"line":77,"column":29}}},"fnMap":{"0":{"name":"(anonymous_0)","decl":{"start":{"line":7,"column":30},"end":{"line":7,"column":31}},"loc":{"start":{"line":7,"column":42},"end":{"line":57,"column":1}},"line":7},"1":{"name":"(anonymous_1)","decl":{"start":{"line":15,"column":9},"end":{"line":15,"column":10}},"loc":{"start":{"line":15,"column":27},"end":{"line":28,"column":3}},"line":15},"2":{"name":"(anonymous_2)","decl":{"start":{"line":30,"column":22},"end":{"line":30,"column":23}},"loc":{"start":{"line":30,"column":34},"end":{"line":54,"column":3}},"line":30},"3":{"name":"(anonymous_3)","decl":{"start":{"line":45,"column":28},"end":{"line":45,"column":29}},"loc":{"start":{"line":45,"column":41},"end":{"line":49,"column":5}},"line":45},"4":{"name":"(anonymous_4)","decl":{"start":{"line":51,"column":28},"end":{"line":51,"column":29}},"loc":{"start":{"line":51,"column":34},"end":{"line":53,"column":5}},"line":51},"5":{"name":"(anonymous_5)","decl":{"start":{"line":59,"column":33},"end":{"line":59,"column":34}},"loc":{"start":{"line":59,"column":59},"end":{"line":63,"column":1}},"line":59},"6":{"name":"(anonymous_6)","decl":{"start":{"line":65,"column":27},"end":{"line":65,"column":28}},"loc":{"start":{"line":65,"column":44},"end":{"line":69,"column":1}},"line":65},"7":{"name":"(anonymous_7)","decl":{"start":{"line":71,"column":31},"end":{"line":71,"column":32}},"loc":{"start":{"line":71,"column":56},"end":{"line":75,"column":1}},"line":71},"8":{"name":"(anonymous_8)","decl":{"start":{"line":77,"column":21},"end":{"line":77,"column":22}},"loc":{"start":{"line":77,"column":27},"end":{"line":77,"column":29}},"line":77}},"branchMap":{"0":{"loc":{"start":{"line":10,"column":14},"end":{"line":10,"column":64}},"type":"binary-expr","locations":[{"start":{"line":10,"column":14},"end":{"line":10,"column":37}},{"start":{"line":10,"column":41},"end":{"line":10,"column":64}}],"line":10},"1":{"loc":{"start":{"line":16,"column":18},"end":{"line":16,"column":90}},"type":"binary-expr","locations":[{"start":{"line":16,"column":18},"end":{"line":16,"column":45}},{"start":{"line":16,"column":49},"end":{"line":16,"column":90}}],"line":16},"2":{"loc":{"start":{"line":17,"column":4},"end":{"line":19,"column":5}},"type":"if","locations":[{"start":{"line":17,"column":4},"end":{"line":19,"column":5}},{"start":{},"end":{}}],"line":17},"3":{"loc":{"start":{"line":35,"column":4},"end":{"line":43,"column":5}},"type":"if","locations":[{"start":{"line":35,"column":4},"end":{"line":43,"column":5}},{"start":{"line":37,"column":11},"end":{"line":43,"column":5}}],"line":35},"4":{"loc":{"start":{"line":37,"column":11},"end":{"line":43,"column":5}},"type":"if","locations":[{"start":{"line":37,"column":11},"end":{"line":43,"column":5}},{"start":{"line":41,"column":11},"end":{"line":43,"column":5}}],"line":37},"5":{"loc":{"start":{"line":41,"column":11},"end":{"line":43,"column":5}},"type":"if","locations":[{"start":{"line":41,"column":11},"end":{"line":43,"column":5}},{"start":{},"end":{}}],"line":41},"6":{"loc":{"start":{"line":46,"column":6},"end":{"line":48,"column":7}},"type":"if","locations":[{"start":{"line":46,"column":6},"end":{"line":48,"column":7}},{"start":{},"end":{}}],"line":46},"7":{"loc":{"start":{"line":60,"column":2},"end":{"line":62,"column":3}},"type":"if","locations":[{"start":{"line":60,"column":2},"end":{"line":62,"column":3}},{"start":{},"end":{}}],"line":60},"8":{"loc":{"start":{"line":66,"column":2},"end":{"line":68,"column":3}},"type":"if","locations":[{"start":{"line":66,"column":2},"end":{"line":68,"column":3}},{"start":{},"end":{}}],"line":66},"9":{"loc":{"start":{"line":72,"column":2},"end":{"line":74,"column":3}},"type":"if","locations":[{"start":{"line":72,"column":2},"end":{"line":74,"column":3}},{"start":{},"end":{}}],"line":72}},"s":{"0":1,"1":0,"2":0,"3":0,"4":0,"5":0,"6":0,"7":0,"8":0,"9":0,"10":0,"11":0,"12":0,"13":0,"14":0,"15":0,"16":0,"17":0,"18":0,"19":0,"20":0,"21":0,"22":0,"23":0,"24":0,"25":1,"26":1,"27":0,"28":1,"29":1,"30":0,"31":1,"32":1,"33":0,"34":1,"35":1},"f":{"0":0,"1":0,"2":0,"3":0,"4":0,"5":1,"6":1,"7":1,"8":1},"b":{"0":[0,0],"1":[0,0],"2":[0,0],"3":[0,0],"4":[0,0],"5":[0,0],"6":[0,0],"7":[0,1],"8":[0,1],"9":[0,1]},"inputSourceMap":null,"_coverageSchema":"1a1c01bbd47fc00a2c39e90264f33305004495a9","hash":"a3c4ccfdcb759ea8539183ec733f7982b979f978"}
,"C:\\Users\\HG123\\.gemini\\antigravity\\scratch\\sistema-electoral\\backend\\src\\validations\\asignacion.validation.js": {"path":"C:\\Users\\HG123\\.gemini\\antigravity\\scratch\\sistema-electoral\\backend\\src\\validations\\asignacion.validation.js","statementMap":{"0":{"start":{"line":3,"column":38},"end":{"line":6,"column":2}},"1":{"start":{"line":8,"column":40},"end":{"line":11,"column":2}},"2":{"start":{"line":13,"column":31},"end":{"line":16,"column":2}}},"fnMap":{},"branchMap":{},"s":{"0":1,"1":1,"2":1},"f":{},"b":{},"inputSourceMap":null,"_coverageSchema":"1a1c01bbd47fc00a2c39e90264f33305004495a9","hash":"3158ff8ef81e584abafde9d2daad76d75bfa9d78"}
,"C:\\Users\\HG123\\.gemini\\antigravity\\scratch\\sistema-electoral\\backend\\src\\validations\\auth.validation.js": {"path":"C:\\Users\\HG123\\.gemini\\antigravity\\scratch\\sistema-electoral\\backend\\src\\validations\\auth.validation.js","statementMap":{"0":{"start":{"line":3,"column":27},"end":{"line":6,"column":2}}},"fnMap":{},"branchMap":{},"s":{"0":1},"f":{},"b":{},"inputSourceMap":null,"_coverageSchema":"1a1c01bbd47fc00a2c39e90264f33305004495a9","hash":"85ddf633ab1c228ef0f3c73582ae3f2aabf6f4c6"}
,"C:\\Users\\HG123\\.gemini\\antigravity\\scratch\\sistema-electoral\\backend\\src\\validations\\candidato.validation.js": {"path":"C:\\Users\\HG123\\.gemini\\antigravity\\scratch\\sistema-electoral\\backend\\src\\validations\\candidato.validation.js","statementMap":{"0":{"start":{"line":3,"column":37},"end":{"line":8,"column":2}},"1":{"start":{"line":10,"column":37},"end":{"line":15,"column":2}}},"fnMap":{},"branchMap":{},"s":{"0":1,"1":1},"f":{},"b":{},"inputSourceMap":null,"_coverageSchema":"1a1c01bbd47fc00a2c39e90264f33305004495a9","hash":"1a73c190827989622286fef1be8fc2cbd560ad82"}
,"C:\\Users\\HG123\\.gemini\\antigravity\\scratch\\sistema-electoral\\backend\\src\\validations\\distrito.validation.js": {"path":"C:\\Users\\HG123\\.gemini\\antigravity\\scratch\\sistema-electoral\\backend\\src\\validations\\distrito.validation.js","statementMap":{"0":{"start":{"line":3,"column":36},"end":{"line":6,"column":2}},"1":{"start":{"line":8,"column":36},"end":{"line":11,"column":2}}},"fnMap":{},"branchMap":{},"s":{"0":1,"1":1},"f":{},"b":{},"inputSourceMap":null,"_coverageSchema":"1a1c01bbd47fc00a2c39e90264f33305004495a9","hash":"41813dd1efc3cd81bc84769df109c6229103d79a"}
,"C:\\Users\\HG123\\.gemini\\antigravity\\scratch\\sistema-electoral\\backend\\src\\validations\\local.validation.js": {"path":"C:\\Users\\HG123\\.gemini\\antigravity\\scratch\\sistema-electoral\\backend\\src\\validations\\local.validation.js","statementMap":{"0":{"start":{"line":3,"column":33},"end":{"line":8,"column":2}},"1":{"start":{"line":10,"column":33},"end":{"line":15,"column":2}}},"fnMap":{},"branchMap":{},"s":{"0":1,"1":1},"f":{},"b":{},"inputSourceMap":null,"_coverageSchema":"1a1c01bbd47fc00a2c39e90264f33305004495a9","hash":"b76d0eb607da0fccad8a8f936b6ec41c6adb87c3"}
,"C:\\Users\\HG123\\.gemini\\antigravity\\scratch\\sistema-electoral\\backend\\src\\validations\\mesa.validation.js": {"path":"C:\\Users\\HG123\\.gemini\\antigravity\\scratch\\sistema-electoral\\backend\\src\\validations\\mesa.validation.js","statementMap":{"0":{"start":{"line":3,"column":32},"end":{"line":7,"column":2}},"1":{"start":{"line":9,"column":32},"end":{"line":13,"column":2}}},"fnMap":{},"branchMap":{},"s":{"0":1,"1":1},"f":{},"b":{},"inputSourceMap":null,"_coverageSchema":"1a1c01bbd47fc00a2c39e90264f33305004495a9","hash":"538a0f8c73257851e954bf3b5e67ca088671ab80"}
,"C:\\Users\\HG123\\.gemini\\antigravity\\scratch\\sistema-electoral\\backend\\src\\validations\\resultado.validation.js": {"path":"C:\\Users\\HG123\\.gemini\\antigravity\\scratch\\sistema-electoral\\backend\\src\\validations\\resultado.validation.js","statementMap":{"0":{"start":{"line":3,"column":36},"end":{"line":14,"column":2}},"1":{"start":{"line":16,"column":40},"end":{"line":16,"column":52}},"2":{"start":{"line":18,"column":39},"end":{"line":20,"column":2}}},"fnMap":{},"branchMap":{},"s":{"0":1,"1":1,"2":1},"f":{},"b":{},"inputSourceMap":null,"_coverageSchema":"1a1c01bbd47fc00a2c39e90264f33305004495a9","hash":"f72a38f9a0e0d4bf325b9a7e5a68399f35a9efa2"}
,"C:\\Users\\HG123\\.gemini\\antigravity\\scratch\\sistema-electoral\\backend\\src\\validations\\usuario.validation.js": {"path":"C:\\Users\\HG123\\.gemini\\antigravity\\scratch\\sistema-electoral\\backend\\src\\validations\\usuario.validation.js","statementMap":{"0":{"start":{"line":3,"column":35},"end":{"line":11,"column":2}},"1":{"start":{"line":13,"column":35},"end":{"line":21,"column":2}}},"fnMap":{},"branchMap":{},"s":{"0":1,"1":1},"f":{},"b":{},"inputSourceMap":null,"_coverageSchema":"1a1c01bbd47fc00a2c39e90264f33305004495a9","hash":"3837cd52a4452c809c8cbe39f67f3af2536c47f3"}
}
