TN:
SF:src\config\auth.js
FNF:0
FNH:0
DA:3,1
LF:1
LH:1
BRDA:4,0,0,1
BRDA:4,0,1,1
BRDA:5,1,0,1
BRDA:5,1,1,1
BRDA:6,2,0,1
BRDA:6,2,1,1
BRDA:7,3,0,1
BRDA:7,3,1,1
BRF:8
BRH:8
end_of_record
TN:
SF:src\config\database.js
FNF:0
FNH:0
DA:3,1
DA:5,1
DA:7,1
DA:20,1
LF:4
LH:4
BRDA:5,0,0,1
BRDA:5,0,1,0
BRDA:7,1,0,0
BRDA:7,1,1,1
BRDA:12,2,0,1
BRDA:12,2,1,1
BRDA:13,3,0,1
BRDA:13,3,1,1
BRDA:14,4,0,1
BRDA:14,4,1,1
BRDA:15,5,0,1
BRDA:15,5,1,1
BRDA:16,6,0,1
BRDA:16,6,1,1
BRDA:17,7,0,1
BRDA:17,7,1,1
BRF:16
BRH:14
end_of_record
TN:
SF:src\config\storage.js
FNF:0
FNH:0
DA:3,0
DA:5,0
DA:6,0
DA:7,0
DA:9,0
DA:11,0
DA:12,0
LF:7
LH:0
BRDA:7,0,0,0
BRDA:7,0,1,0
BRDA:11,1,0,0
BRDA:11,1,1,0
BRDA:11,2,0,0
BRDA:11,2,1,0
BRF:6
BRH:0
end_of_record
TN:
SF:src\controllers\asignaciones.controller.js
FN:4,(anonymous_0)
FN:7,(anonymous_1)
FN:37,(anonymous_2)
FN:42,(anonymous_3)
FN:76,(anonymous_4)
FN:79,(anonymous_5)
FN:106,(anonymous_6)
FN:111,(anonymous_7)
FN:145,(anonymous_8)
FN:164,(anonymous_9)
FN:178,(anonymous_10)
FN:194,(anonymous_11)
FN:197,(anonymous_12)
FN:218,(anonymous_13)
FN:221,(anonymous_14)
FNF:15
FNH:0
FNDA:0,(anonymous_0)
FNDA:0,(anonymous_1)
FNDA:0,(anonymous_2)
FNDA:0,(anonymous_3)
FNDA:0,(anonymous_4)
FNDA:0,(anonymous_5)
FNDA:0,(anonymous_6)
FNDA:0,(anonymous_7)
FNDA:0,(anonymous_8)
FNDA:0,(anonymous_9)
FNDA:0,(anonymous_10)
FNDA:0,(anonymous_11)
FNDA:0,(anonymous_12)
FNDA:0,(anonymous_13)
FNDA:0,(anonymous_14)
DA:4,0
DA:5,0
DA:6,0
DA:7,0
DA:8,0
DA:9,0
DA:11,0
DA:12,0
DA:14,0
DA:15,0
DA:17,0
DA:18,0
DA:20,0
DA:27,0
DA:28,0
DA:30,0
DA:33,0
DA:37,0
DA:38,0
DA:39,0
DA:40,0
DA:42,0
DA:43,0
DA:44,0
DA:46,0
DA:47,0
DA:49,0
DA:51,0
DA:56,0
DA:58,0
DA:66,0
DA:67,0
DA:69,0
DA:72,0
DA:76,0
DA:77,0
DA:78,0
DA:79,0
DA:80,0
DA:81,0
DA:83,0
DA:84,0
DA:86,0
DA:87,0
DA:89,0
DA:96,0
DA:97,0
DA:99,0
DA:102,0
DA:106,0
DA:107,0
DA:108,0
DA:109,0
DA:111,0
DA:112,0
DA:113,0
DA:115,0
DA:116,0
DA:118,0
DA:120,0
DA:125,0
DA:127,0
DA:135,0
DA:136,0
DA:138,0
DA:141,0
DA:145,0
DA:146,0
DA:147,0
DA:148,0
DA:154,0
DA:155,0
DA:157,0
DA:158,0
DA:160,0
DA:164,0
DA:165,0
DA:166,0
DA:172,0
DA:174,0
DA:178,0
DA:179,0
DA:180,0
DA:181,0
DA:183,0
DA:184,0
DA:185,0
DA:187,0
DA:188,0
DA:190,0
DA:194,0
DA:195,0
DA:196,0
DA:197,0
DA:198,0
DA:199,0
DA:201,0
DA:203,0
DA:210,0
DA:211,0
DA:214,0
DA:218,0
DA:219,0
DA:220,0
DA:221,0
DA:222,0
DA:223,0
DA:225,0
DA:227,0
DA:234,0
DA:235,0
DA:238,0
LF:112
LH:0
BRDA:9,0,0,0
BRDA:9,0,1,0
BRDA:12,1,0,0
BRDA:12,1,1,0
BRDA:15,2,0,0
BRDA:15,2,1,0
BRDA:18,3,0,0
BRDA:18,3,1,0
BRDA:44,4,0,0
BRDA:44,4,1,0
BRDA:47,5,0,0
BRDA:47,5,1,0
BRDA:56,6,0,0
BRDA:56,6,1,0
BRDA:63,7,0,0
BRDA:63,7,1,0
BRDA:81,8,0,0
BRDA:81,8,1,0
BRDA:84,9,0,0
BRDA:84,9,1,0
BRDA:87,10,0,0
BRDA:87,10,1,0
BRDA:113,11,0,0
BRDA:113,11,1,0
BRDA:116,12,0,0
BRDA:116,12,1,0
BRDA:125,13,0,0
BRDA:125,13,1,0
BRDA:132,14,0,0
BRDA:132,14,1,0
BRDA:154,15,0,0
BRDA:154,15,1,0
BRDA:155,16,0,0
BRDA:155,16,1,0
BRDA:183,17,0,0
BRDA:183,17,1,0
BRDA:184,18,0,0
BRDA:184,18,1,0
BRDA:185,19,0,0
BRDA:185,19,1,0
BRDA:199,20,0,0
BRDA:199,20,1,0
BRDA:223,21,0,0
BRDA:223,21,1,0
BRF:44
BRH:0
end_of_record
TN:
SF:src\controllers\auth.controller.js
FN:9,(anonymous_0)
FN:66,(anonymous_1)
FN:81,(anonymous_2)
FN:93,(anonymous_3)
FNF:4
FNH:4
FNDA:6,(anonymous_0)
FNDA:3,(anonymous_1)
FNDA:3,(anonymous_2)
FNDA:5,(anonymous_3)
DA:9,1
DA:10,6
DA:11,6
DA:12,6
DA:14,5
DA:15,1
DA:18,4
DA:21,4
DA:22,4
DA:26,4
DA:27,2
DA:36,2
DA:37,1
DA:41,4
DA:42,2
DA:48,2
DA:49,2
DA:50,2
DA:52,2
DA:62,1
DA:66,1
DA:67,3
DA:68,3
DA:69,3
DA:71,2
DA:72,1
DA:73,1
DA:75,1
DA:77,1
DA:81,1
DA:82,3
DA:83,3
DA:84,2
DA:86,1
DA:87,1
DA:89,1
DA:93,1
DA:94,5
DA:95,5
DA:97,5
DA:98,1
DA:104,4
DA:105,3
DA:108,2
DA:109,2
DA:110,2
DA:111,1
DA:118,1
DA:119,1
DA:124,1
DA:129,1
LF:51
LH:51
BRDA:14,0,0,1
BRDA:14,0,1,4
BRDA:21,1,0,4
BRDA:21,1,1,0
BRDA:26,2,0,2
BRDA:26,2,1,2
BRDA:26,3,0,4
BRDA:26,3,1,3
BRDA:36,4,0,1
BRDA:36,4,1,1
BRDA:36,5,0,2
BRDA:36,5,1,2
BRDA:41,6,0,2
BRDA:41,6,1,2
BRDA:49,7,0,2
BRDA:49,7,1,2
BRDA:50,8,0,2
BRDA:50,8,1,2
BRDA:69,9,0,1
BRDA:69,9,1,2
BRDA:71,10,0,2
BRDA:71,10,1,2
BRDA:73,11,0,1
BRDA:73,11,1,1
BRDA:84,12,0,1
BRDA:84,12,1,1
BRDA:97,13,0,1
BRDA:97,13,1,4
BRDA:97,14,0,5
BRDA:97,14,1,5
BRDA:105,15,0,1
BRDA:105,15,1,2
BRDA:108,16,0,2
BRDA:108,16,1,0
BRDA:108,17,0,2
BRDA:108,17,1,2
BRDA:110,18,0,1
BRDA:110,18,1,1
BRF:38
BRH:36
end_of_record
TN:
SF:src\controllers\candidatos.controller.js
FN:4,(anonymous_0)
FN:13,(anonymous_1)
FN:24,(anonymous_2)
FN:35,(anonymous_3)
FN:50,(anonymous_4)
FNF:5
FNH:0
FNDA:0,(anonymous_0)
FNDA:0,(anonymous_1)
FNDA:0,(anonymous_2)
FNDA:0,(anonymous_3)
FNDA:0,(anonymous_4)
DA:4,0
DA:5,0
DA:6,0
DA:7,0
DA:9,0
DA:13,0
DA:14,0
DA:15,0
DA:16,0
DA:17,0
DA:18,0
DA:20,0
DA:24,0
DA:25,0
DA:26,0
DA:27,0
DA:28,0
DA:29,0
DA:31,0
DA:35,0
DA:36,0
DA:37,0
DA:38,0
DA:39,0
DA:41,0
DA:42,0
DA:43,0
DA:44,0
DA:46,0
DA:50,0
DA:51,0
DA:52,0
DA:53,0
DA:54,0
DA:56,0
DA:57,0
DA:58,0
DA:59,0
DA:61,0
LF:39
LH:0
BRDA:17,0,0,0
BRDA:17,0,1,0
BRDA:27,1,0,0
BRDA:27,1,1,0
BRDA:39,2,0,0
BRDA:39,2,1,0
BRDA:54,3,0,0
BRDA:54,3,1,0
BRF:8
BRH:0
end_of_record
TN:
SF:src\controllers\dashboard.controller.js
FN:3,(anonymous_0)
FN:12,(anonymous_1)
FN:37,(anonymous_2)
FN:53,(anonymous_3)
FN:55,(anonymous_4)
FN:67,(anonymous_5)
FN:75,(anonymous_6)
FN:83,(anonymous_7)
FN:101,(anonymous_8)
FNF:9
FNH:9
FNDA:2,(anonymous_0)
FNDA:4,(anonymous_1)
FNDA:3,(anonymous_2)
FNDA:2,(anonymous_3)
FNDA:2,(anonymous_4)
FNDA:1,(anonymous_5)
FNDA:1,(anonymous_6)
FNDA:1,(anonymous_7)
FNDA:2,(anonymous_8)
DA:3,1
DA:4,2
DA:5,2
DA:6,1
DA:7,1
DA:8,1
DA:9,1
DA:10,1
DA:12,4
DA:13,1
DA:14,1
DA:16,1
DA:33,1
DA:37,1
DA:38,3
DA:39,3
DA:40,3
DA:50,3
DA:52,3
DA:53,2
DA:55,2
DA:61,2
DA:63,1
DA:67,1
DA:68,1
DA:69,1
DA:71,0
DA:75,1
DA:76,1
DA:77,1
DA:79,0
DA:83,1
DA:84,1
DA:85,1
DA:86,1
DA:91,1
DA:92,1
DA:94,1
DA:95,1
DA:97,0
DA:101,1
DA:102,2
DA:103,2
DA:104,1
DA:106,1
LF:45
LH:42
BRDA:13,0,0,1
BRDA:13,0,1,0
BRDA:20,1,0,1
BRDA:20,1,1,0
BRDA:21,2,0,1
BRDA:21,2,1,0
BRDA:23,3,0,1
BRDA:23,3,1,0
BRDA:28,4,0,1
BRDA:28,4,1,0
BRDA:29,5,0,1
BRDA:29,5,1,0
BRDA:50,6,0,1
BRDA:50,6,1,2
BRDA:58,7,0,2
BRDA:58,7,1,0
BRDA:91,8,0,0
BRDA:91,8,1,1
BRDA:92,9,0,0
BRDA:92,9,1,1
BRF:20
BRH:11
end_of_record
TN:
SF:src\controllers\distritos.controller.js
FN:4,(anonymous_0)
FN:18,(anonymous_1)
FN:29,(anonymous_2)
FN:40,(anonymous_3)
FN:55,(anonymous_4)
FNF:5
FNH:0
FNDA:0,(anonymous_0)
FNDA:0,(anonymous_1)
FNDA:0,(anonymous_2)
FNDA:0,(anonymous_3)
FNDA:0,(anonymous_4)
DA:4,0
DA:5,0
DA:6,0
DA:7,0
DA:8,0
DA:9,0
DA:11,0
DA:12,0
DA:14,0
DA:18,0
DA:19,0
DA:20,0
DA:21,0
DA:22,0
DA:23,0
DA:25,0
DA:29,0
DA:30,0
DA:31,0
DA:32,0
DA:33,0
DA:34,0
DA:36,0
DA:40,0
DA:41,0
DA:42,0
DA:43,0
DA:44,0
DA:46,0
DA:47,0
DA:48,0
DA:49,0
DA:51,0
DA:55,0
DA:56,0
DA:57,0
DA:58,0
DA:59,0
DA:61,0
DA:62,0
DA:63,0
DA:66,0
DA:67,0
DA:68,0
DA:70,0
LF:45
LH:0
BRDA:8,0,0,0
BRDA:8,0,1,0
BRDA:22,1,0,0
BRDA:22,1,1,0
BRDA:32,2,0,0
BRDA:32,2,1,0
BRDA:44,3,0,0
BRDA:44,3,1,0
BRDA:59,4,0,0
BRDA:59,4,1,0
BRDA:62,5,0,0
BRDA:62,5,1,0
BRF:12
BRH:0
end_of_record
TN:
SF:src\controllers\locales.controller.js
FN:4,(anonymous_0)
FN:21,(anonymous_1)
FN:43,(anonymous_2)
FN:54,(anonymous_3)
FN:69,(anonymous_4)
FNF:5
FNH:0
FNDA:0,(anonymous_0)
FNDA:0,(anonymous_1)
FNDA:0,(anonymous_2)
FNDA:0,(anonymous_3)
FNDA:0,(anonymous_4)
DA:4,0
DA:5,0
DA:6,0
DA:7,0
DA:11,0
DA:12,0
DA:14,0
DA:15,0
DA:17,0
DA:21,0
DA:22,0
DA:23,0
DA:24,0
DA:29,0
DA:31,0
DA:32,0
DA:37,0
DA:39,0
DA:43,0
DA:44,0
DA:45,0
DA:46,0
DA:47,0
DA:48,0
DA:50,0
DA:54,0
DA:55,0
DA:56,0
DA:57,0
DA:58,0
DA:60,0
DA:61,0
DA:62,0
DA:63,0
DA:65,0
DA:69,0
DA:70,0
DA:71,0
DA:72,0
DA:73,0
DA:75,0
DA:76,0
DA:77,0
DA:80,0
DA:81,0
DA:82,0
DA:84,0
LF:47
LH:0
BRDA:11,0,0,0
BRDA:11,0,1,0
BRDA:12,1,0,0
BRDA:12,1,1,0
BRDA:29,2,0,0
BRDA:29,2,1,0
BRDA:46,3,0,0
BRDA:46,3,1,0
BRDA:58,4,0,0
BRDA:58,4,1,0
BRDA:73,5,0,0
BRDA:73,5,1,0
BRDA:76,6,0,0
BRDA:76,6,1,0
BRF:14
BRH:0
end_of_record
TN:
SF:src\controllers\mesas.controller.js
FN:4,(anonymous_0)
FN:28,(anonymous_1)
FN:52,(anonymous_2)
FN:54,(anonymous_3)
FN:68,(anonymous_4)
FN:71,(anonymous_5)
FN:91,(anonymous_6)
FN:94,(anonymous_7)
FNF:8
FNH:0
FNDA:0,(anonymous_0)
FNDA:0,(anonymous_1)
FNDA:0,(anonymous_2)
FNDA:0,(anonymous_3)
FNDA:0,(anonymous_4)
FNDA:0,(anonymous_5)
FNDA:0,(anonymous_6)
FNDA:0,(anonymous_7)
DA:4,0
DA:5,0
DA:6,0
DA:7,0
DA:12,0
DA:13,0
DA:14,0
DA:16,0
DA:17,0
DA:22,0
DA:24,0
DA:28,0
DA:29,0
DA:30,0
DA:31,0
DA:37,0
DA:39,0
DA:44,0
DA:46,0
DA:48,0
DA:52,0
DA:53,0
DA:54,0
DA:55,0
DA:56,0
DA:58,0
DA:60,0
DA:61,0
DA:64,0
DA:68,0
DA:69,0
DA:70,0
DA:71,0
DA:72,0
DA:73,0
DA:75,0
DA:76,0
DA:78,0
DA:79,0
DA:80,0
DA:83,0
DA:84,0
DA:87,0
DA:91,0
DA:92,0
DA:93,0
DA:94,0
DA:95,0
DA:96,0
DA:98,0
DA:99,0
DA:100,0
DA:103,0
DA:104,0
DA:106,0
DA:107,0
DA:110,0
LF:57
LH:0
BRDA:6,0,0,0
BRDA:6,1,0,0
BRDA:12,2,0,0
BRDA:12,2,1,0
BRDA:13,3,0,0
BRDA:13,3,1,0
BRDA:14,4,0,0
BRDA:14,4,1,0
BRDA:37,5,0,0
BRDA:37,5,1,0
BRDA:56,6,0,0
BRDA:56,6,1,0
BRDA:73,7,0,0
BRDA:73,7,1,0
BRDA:78,8,0,0
BRDA:78,8,1,0
BRDA:78,9,0,0
BRDA:78,9,1,0
BRDA:96,10,0,0
BRDA:96,10,1,0
BRDA:99,11,0,0
BRDA:99,11,1,0
BRF:22
BRH:0
end_of_record
TN:
SF:src\controllers\resultados.controller.js
FN:6,(anonymous_0)
FN:10,(anonymous_1)
FN:32,(anonymous_2)
FN:62,(anonymous_3)
FN:86,(anonymous_4)
FN:94,(anonymous_5)
FN:97,(anonymous_6)
FN:127,(anonymous_7)
FN:132,(anonymous_8)
FN:161,(anonymous_9)
FN:168,(anonymous_10)
FN:176,(anonymous_11)
FN:197,(anonymous_12)
FN:212,(anonymous_13)
FNF:14
FNH:0
FNDA:0,(anonymous_0)
FNDA:0,(anonymous_1)
FNDA:0,(anonymous_2)
FNDA:0,(anonymous_3)
FNDA:0,(anonymous_4)
FNDA:0,(anonymous_5)
FNDA:0,(anonymous_6)
FNDA:0,(anonymous_7)
FNDA:0,(anonymous_8)
FNDA:0,(anonymous_9)
FNDA:0,(anonymous_10)
FNDA:0,(anonymous_11)
FNDA:0,(anonymous_12)
FNDA:0,(anonymous_13)
DA:6,0
DA:7,0
DA:8,0
DA:10,0
DA:11,0
DA:12,0
DA:14,0
DA:15,0
DA:16,0
DA:19,0
DA:20,0
DA:21,0
DA:22,0
DA:23,0
DA:26,0
DA:27,0
DA:28,0
DA:31,0
DA:32,0
DA:33,0
DA:35,0
DA:36,0
DA:39,0
DA:53,0
DA:54,0
DA:55,0
DA:56,0
DA:58,0
DA:59,0
DA:62,0
DA:67,0
DA:68,0
DA:71,0
DA:73,0
DA:74,0
DA:76,0
DA:77,0
DA:79,0
DA:82,0
DA:86,0
DA:89,0
DA:90,0
DA:91,0
DA:94,0
DA:95,0
DA:96,0
DA:97,0
DA:98,0
DA:99,0
DA:101,0
DA:102,0
DA:103,0
DA:105,0
DA:107,0
DA:112,0
DA:114,0
DA:116,0
DA:117,0
DA:118,0
DA:120,0
DA:123,0
DA:127,0
DA:128,0
DA:129,0
DA:130,0
DA:132,0
DA:133,0
DA:134,0
DA:136,0
DA:137,0
DA:138,0
DA:140,0
DA:142,0
DA:146,0
DA:148,0
DA:150,0
DA:151,0
DA:152,0
DA:154,0
DA:157,0
DA:161,0
DA:162,0
DA:163,0
DA:164,0
DA:165,0
DA:167,0
DA:168,0
DA:170,0
DA:172,0
DA:176,0
DA:177,0
DA:178,0
DA:179,0
DA:180,0
DA:182,0
DA:187,0
DA:188,0
DA:191,0
DA:193,0
DA:197,0
DA:198,0
DA:199,0
DA:200,0
DA:202,0
DA:203,0
DA:204,0
DA:206,0
DA:208,0
DA:212,0
DA:213,0
LF:110
LH:0
BRDA:12,0,0,0
BRDA:12,0,1,0
BRDA:15,1,0,0
BRDA:15,1,1,0
BRDA:15,2,0,0
BRDA:15,2,1,0
BRDA:21,3,0,0
BRDA:21,3,1,0
BRDA:23,4,0,0
BRDA:23,4,1,0
BRDA:27,5,0,0
BRDA:27,5,1,0
BRDA:28,6,0,0
BRDA:28,6,1,0
BRDA:31,7,0,0
BRDA:31,7,1,0
BRDA:35,8,0,0
BRDA:35,8,1,0
BRDA:53,9,0,0
BRDA:53,9,1,0
BRDA:59,10,0,0
BRDA:59,10,1,0
BRDA:67,11,0,0
BRDA:67,11,1,0
BRDA:74,12,0,0
BRDA:74,12,1,0
BRDA:90,13,0,0
BRDA:90,13,1,0
BRDA:99,14,0,0
BRDA:99,14,1,0
BRDA:103,15,0,0
BRDA:103,15,1,0
BRDA:105,16,0,0
BRDA:105,16,1,0
BRDA:118,17,0,0
BRDA:118,17,1,0
BRDA:134,18,0,0
BRDA:134,18,1,0
BRDA:138,19,0,0
BRDA:138,19,1,0
BRDA:140,20,0,0
BRDA:140,20,1,0
BRDA:152,21,0,0
BRDA:152,21,1,0
BRDA:165,22,0,0
BRDA:165,22,1,0
BRDA:165,23,0,0
BRDA:165,23,1,0
BRDA:180,24,0,0
BRDA:180,24,1,0
BRDA:187,25,0,0
BRDA:187,25,1,0
BRDA:200,26,0,0
BRDA:200,26,1,0
BRF:54
BRH:0
end_of_record
TN:
SF:src\controllers\usuarios.controller.js
FN:5,(anonymous_0)
FN:12,(anonymous_1)
FN:31,(anonymous_2)
FN:50,(anonymous_3)
FN:65,(anonymous_4)
FN:87,(anonymous_5)
FNF:6
FNH:0
FNDA:0,(anonymous_0)
FNDA:0,(anonymous_1)
FNDA:0,(anonymous_2)
FNDA:0,(anonymous_3)
FNDA:0,(anonymous_4)
FNDA:0,(anonymous_5)
DA:5,0
DA:6,0
DA:7,0
DA:8,0
DA:10,0
DA:11,0
DA:12,0
DA:13,0
DA:19,0
DA:20,0
DA:25,0
DA:27,0
DA:31,0
DA:32,0
DA:33,0
DA:34,0
DA:35,0
DA:37,0
DA:38,0
DA:39,0
DA:40,0
DA:41,0
DA:44,0
DA:46,0
DA:50,0
DA:51,0
DA:52,0
DA:53,0
DA:55,0
DA:56,0
DA:58,0
DA:59,0
DA:61,0
DA:65,0
DA:66,0
DA:67,0
DA:68,0
DA:69,0
DA:70,0
DA:72,0
DA:73,0
DA:74,0
DA:77,0
DA:78,0
DA:80,0
DA:81,0
DA:83,0
DA:87,0
DA:88,0
DA:89,0
DA:90,0
DA:91,0
DA:93,0
DA:94,0
DA:96,0
DA:97,0
DA:99,0
LF:57
LH:0
BRDA:7,0,0,0
BRDA:7,1,0,0
BRDA:10,2,0,0
BRDA:10,2,1,0
BRDA:11,3,0,0
BRDA:11,3,1,0
BRDA:35,4,0,0
BRDA:35,4,1,0
BRDA:38,5,0,0
BRDA:38,5,1,0
BRDA:40,6,0,0
BRDA:40,6,1,0
BRDA:56,7,0,0
BRDA:56,7,1,0
BRDA:70,8,0,0
BRDA:70,8,1,0
BRDA:73,9,0,0
BRDA:73,9,1,0
BRDA:91,10,0,0
BRDA:91,10,1,0
BRF:20
BRH:0
end_of_record
TN:
SF:src\middlewares\audit.middleware.js
FN:8,(anonymous_0)
FN:9,(anonymous_1)
FN:16,(anonymous_2)
FN:39,(anonymous_3)
FNF:4
FNH:0
FNDA:0,(anonymous_0)
FNDA:0,(anonymous_1)
FNDA:0,(anonymous_2)
FNDA:0,(anonymous_3)
DA:8,0
DA:9,0
DA:14,0
DA:16,0
DA:18,0
DA:19,0
DA:20,0
DA:21,0
DA:22,0
DA:23,0
DA:27,0
DA:28,0
DA:39,0
DA:43,0
DA:46,0
LF:15
LH:0
BRDA:18,0,0,0
BRDA:18,0,1,0
BRDA:18,1,0,0
BRDA:18,1,1,0
BRDA:19,2,0,0
BRDA:19,2,1,0
BRDA:20,3,0,0
BRDA:20,3,1,0
BRDA:22,4,0,0
BRDA:22,4,1,0
BRDA:23,5,0,0
BRDA:23,5,1,0
BRDA:27,6,0,0
BRDA:27,6,1,0
BRF:14
BRH:0
end_of_record
TN:
SF:src\middlewares\auth.middleware.js
FN:5,(anonymous_0)
FN:22,(anonymous_1)
FN:23,(anonymous_2)
FN:31,(anonymous_3)
FN:51,(anonymous_4)
FNF:5
FNH:3
FNDA:6,(anonymous_0)
FNDA:7,(anonymous_1)
FNDA:7,(anonymous_2)
FNDA:0,(anonymous_3)
FNDA:0,(anonymous_4)
DA:5,1
DA:6,6
DA:7,6
DA:9,6
DA:10,2
DA:13,4
DA:14,4
DA:15,1
DA:16,1
DA:18,3
DA:22,1
DA:23,7
DA:24,7
DA:25,4
DA:27,3
DA:31,1
DA:32,0
DA:33,0
DA:34,0
DA:36,0
DA:38,0
DA:42,0
DA:43,0
DA:45,0
DA:47,0
DA:51,1
DA:52,0
DA:53,0
DA:54,0
DA:56,0
DA:58,0
DA:62,0
DA:63,0
DA:65,0
DA:67,0
LF:35
LH:17
BRDA:7,0,0,6
BRDA:7,0,1,5
BRDA:9,1,0,2
BRDA:9,1,1,4
BRDA:24,2,0,4
BRDA:24,2,1,3
BRDA:24,3,0,7
BRDA:24,3,1,6
BRDA:36,4,0,0
BRDA:36,4,1,0
BRDA:42,5,0,0
BRDA:42,5,1,0
BRDA:56,6,0,0
BRDA:56,6,1,0
BRDA:62,7,0,0
BRDA:62,7,1,0
BRF:16
BRH:8
end_of_record
TN:
SF:src\middlewares\errorHandler.js
FN:1,(anonymous_0)
FNF:1
FNH:0
FNDA:0,(anonymous_0)
DA:1,0
DA:2,0
DA:4,0
DA:5,0
DA:7,0
DA:12,0
DA:13,0
DA:16,0
LF:8
LH:0
BRDA:4,0,0,0
BRDA:4,0,1,0
BRDA:5,1,0,0
BRDA:5,1,1,0
BRDA:12,2,0,0
BRDA:12,2,1,0
BRF:6
BRH:0
end_of_record
TN:
SF:src\middlewares\upload.middleware.js
FN:5,(anonymous_0)
FNF:1
FNH:0
FNDA:0,(anonymous_0)
DA:3,0
DA:5,0
DA:6,0
DA:7,0
DA:9,0
DA:13,0
DA:21,0
LF:7
LH:0
BRDA:6,0,0,0
BRDA:6,0,1,0
BRDA:6,1,0,0
BRDA:6,1,1,0
BRDA:6,1,2,0
BRF:5
BRH:0
end_of_record
TN:
SF:src\middlewares\validate.middleware.js
FN:1,(anonymous_0)
FN:1,(anonymous_1)
FNF:2
FNH:0
FNDA:0,(anonymous_0)
FNDA:0,(anonymous_1)
DA:1,0
DA:2,0
DA:3,0
DA:8,0
DA:10,0
LF:5
LH:0
BRF:0
BRH:0
end_of_record
TN:
SF:src\routes\asignaciones.routes.js
FNF:0
FNH:0
DA:11,0
DA:13,0
DA:15,0
DA:16,0
DA:17,0
DA:18,0
DA:20,0
DA:21,0
DA:22,0
DA:23,0
DA:25,0
LF:11
LH:0
BRF:0
BRH:0
end_of_record
TN:
SF:src\routes\auth.routes.js
FNF:0
FNH:0
DA:7,0
DA:9,0
DA:10,0
DA:11,0
DA:12,0
LF:5
LH:0
BRF:0
BRH:0
end_of_record
TN:
SF:src\routes\candidatos.routes.js
FNF:0
FNH:0
DA:7,0
DA:9,0
DA:11,0
DA:12,0
DA:14,0
DA:15,0
DA:16,0
LF:7
LH:0
BRF:0
BRH:0
end_of_record
TN:
SF:src\routes\dashboard.routes.js
FNF:0
FNH:0
DA:8,0
DA:10,0
DA:12,0
DA:13,0
DA:14,0
DA:15,0
DA:16,0
DA:17,0
LF:8
LH:0
BRF:0
BRH:0
end_of_record
TN:
SF:src\routes\distritos.routes.js
FNF:0
FNH:0
DA:7,0
DA:9,0
DA:11,0
DA:12,0
DA:13,0
DA:14,0
DA:15,0
LF:7
LH:0
BRF:0
BRH:0
end_of_record
TN:
SF:src\routes\locales.routes.js
FNF:0
FNH:0
DA:7,0
DA:9,0
DA:11,0
DA:12,0
DA:13,0
DA:14,0
DA:15,0
LF:7
LH:0
BRF:0
BRH:0
end_of_record
TN:
SF:src\routes\mesas.routes.js
FNF:0
FNH:0
DA:7,0
DA:9,0
DA:11,0
DA:12,0
DA:13,0
DA:14,0
DA:15,0
LF:7
LH:0
BRF:0
BRH:0
end_of_record
TN:
SF:src\routes\resultados.routes.js
FNF:0
FNH:0
DA:11,0
DA:13,0
DA:14,0
DA:16,0
DA:17,0
DA:19,0
DA:20,0
DA:22,0
DA:23,0
LF:9
LH:0
BRF:0
BRH:0
end_of_record
TN:
SF:src\routes\usuarios.routes.js
FNF:0
FNH:0
DA:7,0
DA:9,0
DA:11,0
DA:12,0
DA:13,0
DA:14,0
DA:15,0
LF:7
LH:0
BRF:0
BRH:0
end_of_record
TN:
SF:src\services\auditoria.service.js
FN:3,(anonymous_0)
FNF:1
FNH:1
FNDA:3,(anonymous_0)
DA:3,1
DA:15,3
DA:16,3
DA:29,1
LF:4
LH:4
BRDA:7,0,0,2
BRDA:8,1,0,2
BRDA:9,2,0,2
BRDA:10,3,0,2
BRDA:11,4,0,2
BRDA:12,5,0,2
BRDA:13,6,0,2
BRDA:20,7,0,1
BRDA:20,7,1,2
BRDA:21,8,0,1
BRDA:21,8,1,2
BRF:11
BRH:11
end_of_record
TN:
SF:src\services\storage.service.js
FN:11,uploadActaImage
FN:39,getActaUrl
FN:58,deleteActaImage
FNF:3
FNH:3
FNDA:3,uploadActaImage
FNDA:3,getActaUrl
FNDA:3,deleteActaImage
DA:12,3
DA:13,0
DA:16,3
DA:17,3
DA:18,3
DA:20,3
DA:27,3
DA:28,1
DA:31,2
DA:40,3
DA:42,2
DA:46,2
DA:47,1
DA:48,1
DA:51,1
DA:59,3
DA:61,2
DA:65,2
DA:66,1
LF:19
LH:18
BRDA:12,0,0,0
BRDA:12,0,1,3
BRDA:16,1,0,2
BRDA:16,1,1,1
BRDA:27,2,0,1
BRDA:27,2,1,2
BRDA:40,3,0,1
BRDA:40,3,1,2
BRDA:40,4,0,3
BRDA:40,4,1,3
BRDA:46,5,0,1
BRDA:46,5,1,1
BRDA:59,6,0,1
BRDA:59,6,1,2
BRDA:59,7,0,3
BRDA:59,7,1,3
BRDA:65,8,0,1
BRDA:65,8,1,1
BRF:18
BRH:17
end_of_record
TN:
SF:src\services\websocket.service.js
FN:7,(anonymous_0)
FN:15,(anonymous_1)
FN:30,(anonymous_2)
FN:45,(anonymous_3)
FN:51,(anonymous_4)
FN:59,(anonymous_5)
FN:65,(anonymous_6)
FN:71,(anonymous_7)
FN:77,(anonymous_8)
FNF:9
FNH:4
FNDA:0,(anonymous_0)
FNDA:0,(anonymous_1)
FNDA:0,(anonymous_2)
FNDA:0,(anonymous_3)
FNDA:0,(anonymous_4)
FNDA:1,(anonymous_5)
FNDA:1,(anonymous_6)
FNDA:1,(anonymous_7)
FNDA:1,(anonymous_8)
DA:7,1
DA:8,0
DA:15,0
DA:16,0
DA:17,0
DA:18,0
DA:21,0
DA:22,0
DA:23,0
DA:24,0
DA:26,0
DA:30,0
DA:31,0
DA:32,0
DA:35,0
DA:36,0
DA:37,0
DA:41,0
DA:42,0
DA:45,0
DA:46,0
DA:47,0
DA:51,0
DA:52,0
DA:56,0
DA:59,1
DA:60,1
DA:61,0
DA:65,1
DA:66,1
DA:67,0
DA:71,1
DA:72,1
DA:73,0
DA:77,1
LF:35
LH:8
BRDA:10,0,0,0
BRDA:10,0,1,0
BRDA:16,1,0,0
BRDA:16,1,1,0
BRDA:17,2,0,0
BRDA:17,2,1,0
BRDA:35,3,0,0
BRDA:35,3,1,0
BRDA:37,4,0,0
BRDA:37,4,1,0
BRDA:41,5,0,0
BRDA:41,5,1,0
BRDA:46,6,0,0
BRDA:46,6,1,0
BRDA:60,7,0,0
BRDA:60,7,1,1
BRDA:66,8,0,0
BRDA:66,8,1,1
BRDA:72,9,0,0
BRDA:72,9,1,1
BRF:20
BRH:3
end_of_record
TN:
SF:src\validations\asignacion.validation.js
FNF:0
FNH:0
DA:3,1
DA:8,1
DA:13,1
LF:3
LH:3
BRF:0
BRH:0
end_of_record
TN:
SF:src\validations\auth.validation.js
FNF:0
FNH:0
DA:3,1
LF:1
LH:1
BRF:0
BRH:0
end_of_record
TN:
SF:src\validations\candidato.validation.js
FNF:0
FNH:0
DA:3,1
DA:10,1
LF:2
LH:2
BRF:0
BRH:0
end_of_record
TN:
SF:src\validations\distrito.validation.js
FNF:0
FNH:0
DA:3,1
DA:8,1
LF:2
LH:2
BRF:0
BRH:0
end_of_record
TN:
SF:src\validations\local.validation.js
FNF:0
FNH:0
DA:3,1
DA:10,1
LF:2
LH:2
BRF:0
BRH:0
end_of_record
TN:
SF:src\validations\mesa.validation.js
FNF:0
FNH:0
DA:3,1
DA:9,1
LF:2
LH:2
BRF:0
BRH:0
end_of_record
TN:
SF:src\validations\resultado.validation.js
FNF:0
FNH:0
DA:3,1
DA:16,1
DA:18,1
LF:3
LH:3
BRF:0
BRH:0
end_of_record
TN:
SF:src\validations\usuario.validation.js
FNF:0
FNH:0
DA:3,1
DA:13,1
LF:2
LH:2
BRF:0
BRH:0
end_of_record
